Tue Nov 14 07:41:01 UTC 2017
WiFi is up
Tue Nov 14 07:42:01 UTC 2017
WiFi is up
Tue Nov 14 07:43:01 UTC 2017
WiFi is up
Tue Nov 14 07:44:01 UTC 2017
WiFi is down... bringing up hotspot
Connection successfully activated (D-Bus active path: /org/freedesktop/NetworkManager/ActiveConnection/1)
Tue Nov 14 07:45:01 UTC 2017
WiFi is up
Tue Nov 14 07:46:01 UTC 2017
WiFi is up
Tue Nov 14 07:47:01 UTC 2017
WiFi is up
Tue Nov 14 07:48:01 UTC 2017
WiFi is up
Tue Nov 14 07:49:01 UTC 2017
WiFi is up
Tue Nov 14 07:50:01 UTC 2017
WiFi is up
Tue Nov 14 07:51:01 UTC 2017
WiFi is up
Tue Nov 14 07:52:01 UTC 2017
WiFi is up
Tue Nov 14 07:53:01 UTC 2017
WiFi is up
Tue Nov 14 07:54:01 UTC 2017
WiFi is up
Tue Nov 14 07:55:01 UTC 2017
WiFi is up
Tue Nov 14 07:56:01 UTC 2017
WiFi is up
Tue Nov 14 07:57:01 UTC 2017
WiFi is up
Tue Nov 14 07:58:01 UTC 2017
WiFi is up
Tue Nov 14 07:59:01 UTC 2017
WiFi is up
Tue Nov 14 08:00:01 UTC 2017
WiFi is up
Tue Nov 14 08:01:01 UTC 2017
WiFi is up
Tue Nov 14 08:02:01 UTC 2017
WiFi is up
Tue Nov 14 08:03:01 UTC 2017
WiFi is up
Tue Nov 14 08:04:01 UTC 2017
WiFi is up
Tue Nov 14 08:05:01 UTC 2017
WiFi is up
Tue Nov 14 08:06:01 UTC 2017
WiFi is up
Tue Nov 14 08:07:01 UTC 2017
WiFi is up
Tue Nov 14 08:08:01 UTC 2017
WiFi is up
Tue Nov 14 08:09:01 UTC 2017
WiFi is up
Tue Nov 14 08:10:01 UTC 2017
WiFi is up
Tue Nov 14 08:11:01 UTC 2017
WiFi is up
Tue Nov 14 08:12:01 UTC 2017
WiFi is up
Tue Nov 14 08:13:01 UTC 2017
WiFi is up
Tue Nov 14 08:14:01 UTC 2017
WiFi is up
Tue Nov 14 08:15:01 UTC 2017
WiFi is up
Tue Nov 14 08:16:01 UTC 2017
WiFi is up
Tue Nov 14 08:17:01 UTC 2017
WiFi is up
Tue Nov 14 08:18:01 UTC 2017
WiFi is up
Tue Nov 14 08:19:01 UTC 2017
WiFi is up
Tue Nov 14 07:44:01 UTC 2017
WiFi is up
Tue Nov 14 07:45:01 UTC 2017
WiFi is up
Tue Nov 14 07:46:01 UTC 2017
WiFi is up
Tue Nov 14 07:47:01 UTC 2017
WiFi is up
Tue Nov 14 07:48:01 UTC 2017
WiFi is up
Tue Nov 14 07:49:01 UTC 2017
WiFi is up
Tue Nov 14 07:50:01 UTC 2017
WiFi is up
Tue Nov 14 07:51:01 UTC 2017
WiFi is up
Tue Nov 14 07:52:01 UTC 2017
WiFi is up
Tue Nov 14 07:53:01 UTC 2017
WiFi is up
Tue Nov 14 07:54:01 UTC 2017
WiFi is up
Tue Nov 14 07:55:01 UTC 2017
WiFi is up
Tue Nov 14 07:56:01 UTC 2017
WiFi is up
Tue Nov 14 07:57:01 UTC 2017
WiFi is up
Tue Nov 14 07:58:01 UTC 2017
WiFi is up
Tue Nov 14 07:59:01 UTC 2017
WiFi is up
Tue Nov 14 08:00:01 UTC 2017
WiFi is up
Tue Nov 14 08:01:01 UTC 2017
WiFi is up
Tue Nov 14 08:02:01 UTC 2017
WiFi is up
Tue Nov 14 08:03:01 UTC 2017
WiFi is up
Tue Nov 14 08:04:01 UTC 2017
WiFi is up
Tue Nov 14 08:05:01 UTC 2017
WiFi is up
Tue Nov 14 08:06:01 UTC 2017
WiFi is up
Tue Nov 14 08:07:01 UTC 2017
WiFi is up
Tue Nov 14 07:44:01 UTC 2017
WiFi is up
Tue Nov 14 07:45:02 UTC 2017
WiFi is up
Tue Nov 14 07:46:01 UTC 2017
WiFi is up
Tue Nov 14 07:47:01 UTC 2017
WiFi is up
Tue Nov 14 07:48:01 UTC 2017
WiFi is up
Tue Nov 14 07:49:01 UTC 2017
WiFi is up
Tue Nov 14 07:50:01 UTC 2017
WiFi is up
Tue Nov 14 07:51:01 UTC 2017
WiFi is up
Tue Nov 14 07:52:01 UTC 2017
WiFi is up
Tue Nov 14 07:53:01 UTC 2017
WiFi is up
Tue Nov 14 07:54:01 UTC 2017
WiFi is up
Tue Nov 14 07:55:01 UTC 2017
WiFi is up
Tue Nov 14 07:56:01 UTC 2017
WiFi is up
Tue Nov 14 07:57:01 UTC 2017
WiFi is up
Tue Nov 14 07:58:01 UTC 2017
WiFi is up
Tue Nov 14 07:59:01 UTC 2017
WiFi is up
Tue Nov 14 08:00:01 UTC 2017
WiFi is up
Tue Nov 14 07:44:01 UTC 2017
WiFi is up
Tue Nov 14 07:45:01 UTC 2017
WiFi is up
Tue Nov 14 07:46:01 UTC 2017
WiFi is up
Tue Nov 14 07:47:01 UTC 2017
WiFi is up
Tue Nov 14 07:48:01 UTC 2017
WiFi is up
Tue Nov 14 07:49:01 UTC 2017
WiFi is up
Tue Nov 14 07:50:01 UTC 2017
WiFi is up
Tue Nov 14 07:51:01 UTC 2017
WiFi is up
Tue Nov 14 07:52:01 UTC 2017
WiFi is up
Tue Nov 14 07:53:01 UTC 2017
WiFi is up
Tue Nov 14 07:54:01 UTC 2017
WiFi is up
Tue Nov 14 07:55:01 UTC 2017
WiFi is up
Tue Nov 14 07:56:01 UTC 2017
WiFi is up
Tue Nov 14 07:57:01 UTC 2017
WiFi is up
Tue Nov 14 07:58:01 UTC 2017
WiFi is up
Tue Nov 14 07:59:01 UTC 2017
WiFi is up
Tue Nov 14 08:00:01 UTC 2017
WiFi is up
Tue Nov 14 08:01:01 UTC 2017
WiFi is up
Tue Nov 14 08:02:01 UTC 2017
WiFi is up
Tue Nov 14 08:03:01 UTC 2017
WiFi is up
Tue Nov 14 08:04:01 UTC 2017
WiFi is up
Tue Nov 14 08:05:01 UTC 2017
WiFi is up
Tue Nov 14 08:06:01 UTC 2017
WiFi is up
Tue Nov 14 08:07:02 UTC 2017
WiFi is up
Tue Nov 14 08:08:01 UTC 2017
WiFi is up
Tue Nov 14 08:09:01 UTC 2017
WiFi is up
Tue Nov 14 08:10:01 UTC 2017
WiFi is up
Tue Nov 14 08:11:01 UTC 2017
WiFi is up
Tue Nov 14 08:12:01 UTC 2017
WiFi is up
Tue Nov 14 08:13:01 UTC 2017
WiFi is up
Tue Nov 14 08:14:01 UTC 2017
WiFi is up
Tue Nov 14 08:15:01 UTC 2017
WiFi is up
Tue Nov 14 08:16:01 UTC 2017
WiFi is up
Tue Nov 14 08:17:01 UTC 2017
WiFi is up
Tue Nov 14 08:18:01 UTC 2017
WiFi is up
Tue Nov 14 08:19:01 UTC 2017
WiFi is up
Tue Nov 14 08:20:01 UTC 2017
WiFi is up
Tue Nov 14 08:21:01 UTC 2017
WiFi is up
Tue Nov 14 08:22:01 UTC 2017
WiFi is up
Tue Nov 14 08:23:01 UTC 2017
WiFi is up
Tue Nov 14 08:24:01 UTC 2017
WiFi is up
Tue Nov 14 08:25:01 UTC 2017
WiFi is up
Tue Nov 14 08:26:01 UTC 2017
WiFi is up
Tue Nov 14 08:27:01 UTC 2017
WiFi is up
Tue Nov 14 08:28:01 UTC 2017
WiFi is up
Tue Nov 14 08:29:01 UTC 2017
WiFi is up
Tue Nov 14 08:30:01 UTC 2017
WiFi is up
Tue Nov 14 07:44:01 UTC 2017
WiFi is down... bringing up hotspot
Connection successfully activated (D-Bus active path: /org/freedesktop/NetworkManager/ActiveConnection/1)
Tue Nov 14 07:44:01 UTC 2017
WiFi is up
Tue Nov 14 07:45:01 UTC 2017
WiFi is up
Tue Nov 14 07:46:01 UTC 2017
WiFi is up
Tue Nov 14 07:47:01 UTC 2017
WiFi is up
Tue Nov 14 07:48:01 UTC 2017
WiFi is up
Tue Nov 14 07:49:01 UTC 2017
WiFi is up
Tue Nov 14 07:50:01 UTC 2017
WiFi is up
Tue Nov 14 07:51:01 UTC 2017
WiFi is up
Tue Nov 14 07:52:01 UTC 2017
WiFi is up
Tue Nov 14 07:53:01 UTC 2017
WiFi is up
Tue Nov 14 07:54:01 UTC 2017
WiFi is up
Tue Nov 14 07:55:01 UTC 2017
WiFi is up
Tue Nov 14 07:56:01 UTC 2017
WiFi is up
Tue Nov 14 07:57:01 UTC 2017
WiFi is up
Tue Nov 14 07:58:01 UTC 2017
WiFi is up
Tue Nov 14 07:59:01 UTC 2017
WiFi is up
Tue Nov 14 08:00:01 UTC 2017
WiFi is up
Tue Nov 14 08:01:01 UTC 2017
WiFi is up
Tue Nov 14 08:02:01 UTC 2017
WiFi is up
Tue Nov 14 08:03:01 UTC 2017
WiFi is up
Tue Nov 14 08:04:01 UTC 2017
WiFi is up
Tue Nov 14 08:05:01 UTC 2017
WiFi is up
Tue Nov 14 08:06:01 UTC 2017
WiFi is up
Tue Nov 14 08:07:01 UTC 2017
WiFi is up
Tue Nov 14 08:08:01 UTC 2017
WiFi is up
Tue Nov 14 08:09:01 UTC 2017
WiFi is up
Thu Nov 16 00:16:38 UTC 2017
WiFi is up
Thu Nov 16 00:17:01 UTC 2017
WiFi is up
Thu Nov 16 00:18:01 UTC 2017
WiFi is up
Thu Nov 16 00:19:01 UTC 2017
WiFi is up
Thu Nov 16 00:20:01 UTC 2017
WiFi is up
Thu Nov 16 00:21:01 UTC 2017
WiFi is up
Thu Nov 16 00:22:01 UTC 2017
WiFi is up
Thu Nov 16 00:23:01 UTC 2017
WiFi is up
Thu Nov 16 00:24:01 UTC 2017
WiFi is up
Thu Nov 16 00:25:01 UTC 2017
WiFi is up
Thu Nov 16 00:26:01 UTC 2017
WiFi is up
Thu Nov 16 00:27:01 UTC 2017
WiFi is up
Thu Nov 16 00:28:01 UTC 2017
WiFi is up
Thu Nov 16 00:29:01 UTC 2017
WiFi is up
Thu Nov 16 00:30:01 UTC 2017
WiFi is up
Thu Nov 16 00:31:01 UTC 2017
WiFi is up
Thu Nov 16 00:32:01 UTC 2017
WiFi is up
Thu Nov 16 00:33:01 UTC 2017
WiFi is up
Thu Nov 16 00:34:01 UTC 2017
WiFi is up
Thu Nov 16 00:35:01 UTC 2017
WiFi is up
Thu Nov 16 00:36:01 UTC 2017
WiFi is up
Thu Nov 16 00:37:01 UTC 2017
WiFi is up
Thu Nov 16 00:38:01 UTC 2017
WiFi is up
Thu Nov 16 00:39:01 UTC 2017
WiFi is up
Thu Nov 16 00:40:01 UTC 2017
WiFi is up
Thu Nov 16 00:41:01 UTC 2017
WiFi is up
Thu Nov 16 00:42:01 UTC 2017
WiFi is up
Thu Nov 16 00:43:01 UTC 2017
WiFi is up
Thu Nov 16 00:44:01 UTC 2017
WiFi is up
Thu Nov 16 00:45:01 UTC 2017
WiFi is up
Thu Nov 16 00:46:01 UTC 2017
WiFi is up
Thu Nov 16 00:47:01 UTC 2017
WiFi is up
Thu Nov 16 00:48:01 UTC 2017
WiFi is up
Thu Nov 16 00:49:01 UTC 2017
WiFi is up
Thu Nov 16 00:50:01 UTC 2017
WiFi is up
Thu Nov 16 00:51:01 UTC 2017
WiFi is up
Thu Nov 16 00:52:01 UTC 2017
WiFi is up
Thu Nov 16 00:53:01 UTC 2017
WiFi is up
Thu Nov 16 00:54:01 UTC 2017
WiFi is up
Thu Nov 16 00:55:01 UTC 2017
WiFi is up
Thu Nov 16 00:56:01 UTC 2017
WiFi is up
Thu Nov 16 00:57:01 UTC 2017
WiFi is up
Thu Nov 16 00:58:01 UTC 2017
WiFi is up
Thu Nov 16 00:59:01 UTC 2017
WiFi is up
Thu Nov 16 01:00:01 UTC 2017
WiFi is up
Thu Nov 16 01:01:01 UTC 2017
WiFi is up
Thu Nov 16 01:02:01 UTC 2017
WiFi is up
Thu Nov 16 01:03:01 UTC 2017
WiFi is up
Thu Nov 16 01:04:01 UTC 2017
WiFi is up
Thu Nov 16 01:05:01 UTC 2017
WiFi is up
Thu Nov 16 01:06:01 UTC 2017
WiFi is up
Thu Nov 16 01:07:01 UTC 2017
WiFi is up
Thu Nov 16 01:08:01 UTC 2017
WiFi is up
Thu Nov 16 01:09:01 UTC 2017
WiFi is up
Thu Nov 16 01:10:01 UTC 2017
WiFi is up
Thu Nov 16 01:11:01 UTC 2017
WiFi is up
Thu Nov 16 01:12:01 UTC 2017
WiFi is up
Thu Nov 16 01:13:01 UTC 2017
WiFi is up
Thu Nov 16 01:14:01 UTC 2017
WiFi is up
Thu Nov 16 01:15:01 UTC 2017
WiFi is up
Thu Nov 16 01:16:01 UTC 2017
WiFi is up
Thu Nov 16 01:17:01 UTC 2017
WiFi is up
Thu Nov 16 01:18:01 UTC 2017
WiFi is up
Thu Nov 16 01:19:01 UTC 2017
WiFi is up
Thu Nov 16 01:20:01 UTC 2017
WiFi is up
Thu Nov 16 01:21:01 UTC 2017
WiFi is up
Thu Nov 16 01:22:01 UTC 2017
WiFi is up
Thu Nov 16 01:23:01 UTC 2017
WiFi is up
Thu Nov 16 01:24:01 UTC 2017
WiFi is up
Thu Nov 16 01:25:01 UTC 2017
WiFi is up
Thu Nov 16 01:26:01 UTC 2017
WiFi is up
Thu Nov 16 01:27:01 UTC 2017
WiFi is up
Thu Nov 16 01:28:01 UTC 2017
WiFi is up
Thu Nov 16 01:29:01 UTC 2017
WiFi is up
Thu Nov 16 01:30:02 UTC 2017
WiFi is up
Thu Nov 16 01:31:01 UTC 2017
WiFi is up
Thu Nov 16 01:32:01 UTC 2017
WiFi is up
Thu Nov 16 01:33:01 UTC 2017
WiFi is up
Thu Nov 16 01:34:01 UTC 2017
WiFi is up
Thu Nov 16 01:35:01 UTC 2017
WiFi is up
Thu Nov 16 01:36:01 UTC 2017
WiFi is up
Thu Nov 16 01:37:01 UTC 2017
WiFi is up
Thu Nov 16 01:38:01 UTC 2017
WiFi is up
Thu Nov 16 01:39:01 UTC 2017
WiFi is up
Thu Nov 16 01:40:01 UTC 2017
WiFi is up
Thu Nov 16 01:41:01 UTC 2017
WiFi is up
Thu Nov 16 01:42:01 UTC 2017
WiFi is up
Thu Nov 16 01:43:01 UTC 2017
WiFi is up
Thu Nov 16 01:44:01 UTC 2017
WiFi is up
Thu Nov 16 01:45:01 UTC 2017
WiFi is up
Thu Nov 16 01:46:01 UTC 2017
WiFi is up
Thu Nov 16 01:47:01 UTC 2017
WiFi is up
Thu Nov 16 01:48:01 UTC 2017
WiFi is up
Thu Nov 16 01:49:01 UTC 2017
WiFi is up
Thu Nov 16 01:50:01 UTC 2017
WiFi is up
Thu Nov 16 01:51:01 UTC 2017
WiFi is up
Thu Nov 16 01:52:01 UTC 2017
WiFi is up
Thu Nov 16 01:53:01 UTC 2017
WiFi is up
Thu Nov 16 01:54:01 UTC 2017
WiFi is up
Thu Nov 16 01:55:01 UTC 2017
WiFi is up
Thu Nov 16 01:56:01 UTC 2017
WiFi is up
Thu Nov 16 01:57:01 UTC 2017
WiFi is up
Thu Nov 16 01:58:01 UTC 2017
WiFi is up
Thu Nov 16 01:59:01 UTC 2017
WiFi is up
Thu Nov 16 02:00:01 UTC 2017
WiFi is up
Thu Nov 16 02:01:01 UTC 2017
WiFi is up
Thu Nov 16 02:02:01 UTC 2017
WiFi is up
Thu Nov 16 02:03:01 UTC 2017
WiFi is up
Thu Nov 16 02:04:01 UTC 2017
WiFi is up
Thu Nov 16 02:05:01 UTC 2017
WiFi is up
Thu Nov 16 02:06:01 UTC 2017
WiFi is up
Thu Nov 16 02:07:01 UTC 2017
WiFi is up
Thu Nov 16 02:08:01 UTC 2017
WiFi is up
Thu Nov 16 02:09:01 UTC 2017
WiFi is up
Thu Nov 16 02:10:01 UTC 2017
WiFi is up
Thu Nov 16 02:11:01 UTC 2017
WiFi is up
Thu Nov 16 02:12:01 UTC 2017
WiFi is up
Thu Nov 16 02:13:01 UTC 2017
WiFi is up
Thu Nov 16 02:14:01 UTC 2017
WiFi is up
Thu Nov 16 02:15:01 UTC 2017
WiFi is up
Thu Nov 16 02:16:01 UTC 2017
WiFi is up
Thu Nov 16 02:17:01 UTC 2017
WiFi is up
Thu Nov 16 02:18:01 UTC 2017
WiFi is up
Thu Nov 16 02:19:01 UTC 2017
WiFi is up
Thu Nov 16 02:20:01 UTC 2017
WiFi is up
Thu Nov 16 02:21:01 UTC 2017
WiFi is up
Thu Nov 16 02:22:01 UTC 2017
WiFi is up
Thu Nov 16 02:23:01 UTC 2017
WiFi is up
Thu Nov 16 02:24:01 UTC 2017
WiFi is up
Thu Nov 16 02:25:01 UTC 2017
WiFi is up
Thu Nov 16 02:26:02 UTC 2017
WiFi is up
Thu Nov 16 02:27:01 UTC 2017
WiFi is up
Thu Nov 16 02:28:01 UTC 2017
WiFi is up
Thu Nov 16 02:29:01 UTC 2017
WiFi is up
Thu Nov 16 02:30:01 UTC 2017
WiFi is up
Thu Nov 16 02:31:01 UTC 2017
WiFi is up
Thu Nov 16 02:32:01 UTC 2017
WiFi is up
Thu Nov 16 02:33:01 UTC 2017
WiFi is up
Thu Nov 16 02:34:01 UTC 2017
WiFi is up
Thu Nov 16 02:35:01 UTC 2017
WiFi is up
Thu Nov 16 02:36:01 UTC 2017
WiFi is up
Thu Nov 16 02:37:01 UTC 2017
WiFi is up
Thu Nov 16 02:38:01 UTC 2017
WiFi is up
Thu Nov 16 02:39:01 UTC 2017
WiFi is up
Thu Nov 16 02:40:01 UTC 2017
WiFi is up
Thu Nov 16 02:41:01 UTC 2017
WiFi is up
Thu Nov 16 02:42:01 UTC 2017
WiFi is up
Thu Nov 16 02:43:01 UTC 2017
WiFi is up
Thu Nov 16 02:44:01 UTC 2017
WiFi is up
Thu Nov 16 02:45:01 UTC 2017
WiFi is up
Thu Nov 16 02:46:01 UTC 2017
WiFi is up
Thu Nov 16 02:47:01 UTC 2017
WiFi is up
Thu Nov 16 02:48:01 UTC 2017
WiFi is up
Thu Nov 16 02:49:01 UTC 2017
WiFi is up
Thu Nov 16 02:50:01 UTC 2017
WiFi is up
Thu Nov 16 02:51:01 UTC 2017
WiFi is up
Thu Nov 16 02:52:01 UTC 2017
WiFi is up
Thu Nov 16 02:53:01 UTC 2017
WiFi is up
Thu Nov 16 02:54:01 UTC 2017
WiFi is up
Thu Nov 16 02:55:01 UTC 2017
WiFi is up
Thu Nov 16 02:56:01 UTC 2017
WiFi is up
Thu Nov 16 02:57:01 UTC 2017
WiFi is up
Thu Nov 16 02:58:01 UTC 2017
WiFi is up
Thu Nov 16 02:59:01 UTC 2017
WiFi is up
Thu Nov 16 03:00:01 UTC 2017
WiFi is up
Thu Nov 16 03:01:01 UTC 2017
WiFi is up
Thu Nov 16 03:02:01 UTC 2017
WiFi is up
Thu Nov 16 03:03:01 UTC 2017
WiFi is up
Thu Nov 16 03:04:01 UTC 2017
WiFi is up
Thu Nov 16 03:05:01 UTC 2017
WiFi is up
Thu Nov 16 03:06:01 UTC 2017
WiFi is up
Thu Nov 16 03:07:01 UTC 2017
WiFi is up
Thu Nov 16 03:08:01 UTC 2017
WiFi is up
Thu Nov 16 03:09:01 UTC 2017
WiFi is up
Thu Nov 16 03:10:01 UTC 2017
WiFi is up
Thu Nov 16 03:11:01 UTC 2017
WiFi is up
Thu Nov 16 03:12:01 UTC 2017
WiFi is up
Thu Nov 16 03:13:01 UTC 2017
WiFi is up
Thu Nov 16 03:14:01 UTC 2017
WiFi is up
Thu Nov 16 03:15:01 UTC 2017
WiFi is up
Thu Nov 16 03:16:01 UTC 2017
WiFi is up
Thu Nov 16 03:17:01 UTC 2017
WiFi is up
Thu Nov 16 03:18:01 UTC 2017
WiFi is up
Thu Nov 16 03:19:01 UTC 2017
WiFi is up
Thu Nov 16 03:20:01 UTC 2017
WiFi is up
Thu Nov 16 03:21:01 UTC 2017
WiFi is up
Thu Nov 16 03:22:01 UTC 2017
WiFi is up
Thu Nov 16 03:23:01 UTC 2017
WiFi is up
Thu Nov 16 03:24:01 UTC 2017
WiFi is up
Thu Nov 16 03:25:01 UTC 2017
WiFi is up
Thu Nov 16 03:26:01 UTC 2017
WiFi is up
Thu Nov 16 03:27:01 UTC 2017
WiFi is up
Thu Nov 16 03:28:01 UTC 2017
WiFi is up
Thu Nov 16 03:29:01 UTC 2017
WiFi is up
Thu Nov 16 03:30:01 UTC 2017
WiFi is up
Thu Nov 16 03:31:01 UTC 2017
WiFi is up
Thu Nov 16 03:32:01 UTC 2017
WiFi is up
Thu Nov 16 03:33:01 UTC 2017
WiFi is up
Thu Nov 16 03:34:01 UTC 2017
WiFi is up
Thu Nov 16 03:35:01 UTC 2017
WiFi is up
Thu Nov 16 03:36:01 UTC 2017
WiFi is up
Thu Nov 16 03:37:01 UTC 2017
WiFi is up
Thu Nov 16 03:38:01 UTC 2017
WiFi is up
Thu Nov 16 03:39:01 UTC 2017
WiFi is up
Thu Nov 16 03:40:01 UTC 2017
WiFi is up
Thu Nov 16 03:41:01 UTC 2017
WiFi is up
Thu Nov 16 03:42:01 UTC 2017
WiFi is up
Thu Nov 16 03:43:01 UTC 2017
WiFi is up
Thu Nov 16 03:44:01 UTC 2017
WiFi is up
Thu Nov 16 03:45:01 UTC 2017
WiFi is up
Thu Nov 16 03:46:01 UTC 2017
WiFi is up
Thu Nov 16 03:47:01 UTC 2017
WiFi is up
Thu Nov 16 03:48:01 UTC 2017
WiFi is up
Thu Nov 16 03:49:01 UTC 2017
WiFi is up
Thu Nov 16 03:50:01 UTC 2017
WiFi is up
Thu Nov 16 03:51:01 UTC 2017
WiFi is up
Thu Nov 16 03:52:01 UTC 2017
WiFi is up
Thu Nov 16 03:53:01 UTC 2017
WiFi is up
Thu Nov 16 03:54:01 UTC 2017
WiFi is up
Thu Nov 16 03:55:01 UTC 2017
WiFi is up
Thu Nov 16 03:56:01 UTC 2017
WiFi is up
Thu Nov 16 03:57:01 UTC 2017
WiFi is up
Thu Nov 16 03:58:01 UTC 2017
WiFi is up
Thu Nov 16 03:59:02 UTC 2017
WiFi is up
Thu Nov 16 04:00:01 UTC 2017
WiFi is up
Thu Nov 16 04:01:01 UTC 2017
WiFi is up
Thu Nov 16 04:02:01 UTC 2017
WiFi is up
Thu Nov 16 04:03:01 UTC 2017
WiFi is up
Thu Nov 16 04:04:01 UTC 2017
WiFi is up
Thu Nov 16 04:05:01 UTC 2017
WiFi is up
Thu Nov 16 04:06:01 UTC 2017
WiFi is up
Thu Nov 16 04:07:01 UTC 2017
WiFi is up
Thu Nov 16 04:08:01 UTC 2017
WiFi is up
Thu Nov 16 04:09:01 UTC 2017
WiFi is up
Thu Nov 16 04:10:01 UTC 2017
WiFi is up
Thu Nov 16 04:11:01 UTC 2017
WiFi is up
Thu Nov 16 04:12:01 UTC 2017
WiFi is up
Thu Nov 16 04:13:01 UTC 2017
WiFi is up
Thu Nov 16 04:14:01 UTC 2017
WiFi is up
Thu Nov 16 04:15:01 UTC 2017
WiFi is up
Thu Nov 16 04:16:01 UTC 2017
WiFi is up
Thu Nov 16 04:17:01 UTC 2017
WiFi is up
Thu Nov 16 04:18:01 UTC 2017
WiFi is up
Thu Nov 16 04:19:01 UTC 2017
WiFi is up
Thu Nov 16 04:20:01 UTC 2017
WiFi is up
Thu Nov 16 04:21:01 UTC 2017
WiFi is up
Thu Nov 16 04:22:01 UTC 2017
WiFi is up
Thu Nov 16 04:23:01 UTC 2017
WiFi is up
Thu Nov 16 04:24:01 UTC 2017
WiFi is up
Thu Nov 16 04:25:01 UTC 2017
WiFi is up
Thu Nov 16 04:26:01 UTC 2017
WiFi is up
Thu Nov 16 04:27:01 UTC 2017
WiFi is up
Thu Nov 16 04:28:01 UTC 2017
WiFi is up
Thu Nov 16 04:29:01 UTC 2017
WiFi is up
Thu Nov 16 04:30:01 UTC 2017
WiFi is up
Thu Nov 16 04:31:01 UTC 2017
WiFi is up
Thu Nov 16 04:32:01 UTC 2017
WiFi is up
Thu Nov 16 04:33:01 UTC 2017
WiFi is up
Thu Nov 16 04:34:01 UTC 2017
WiFi is up
Thu Nov 16 04:35:01 UTC 2017
WiFi is up
Thu Nov 16 04:36:01 UTC 2017
WiFi is up
Thu Nov 16 04:37:01 UTC 2017
WiFi is up
Thu Nov 16 04:38:01 UTC 2017
WiFi is up
Thu Nov 16 04:39:01 UTC 2017
WiFi is up
Thu Nov 16 04:40:01 UTC 2017
WiFi is up
Thu Nov 16 04:41:01 UTC 2017
WiFi is up
Thu Nov 16 04:42:01 UTC 2017
WiFi is up
Thu Nov 16 04:43:01 UTC 2017
WiFi is up
Thu Nov 16 04:44:01 UTC 2017
WiFi is up
Thu Nov 16 04:45:01 UTC 2017
WiFi is up
Thu Nov 16 04:46:01 UTC 2017
WiFi is up
Thu Nov 16 04:47:01 UTC 2017
WiFi is up
Thu Nov 16 04:48:01 UTC 2017
WiFi is up
Thu Nov 16 04:49:01 UTC 2017
WiFi is up
Thu Nov 16 04:50:01 UTC 2017
WiFi is up
Thu Nov 16 04:51:01 UTC 2017
WiFi is up
Thu Nov 16 04:52:01 UTC 2017
WiFi is up
Thu Nov 16 04:53:01 UTC 2017
WiFi is up
Thu Nov 16 04:54:01 UTC 2017
WiFi is up
Thu Nov 16 04:55:01 UTC 2017
WiFi is up
Thu Nov 16 04:56:01 UTC 2017
WiFi is up
Thu Nov 16 04:57:01 UTC 2017
WiFi is up
Thu Nov 16 04:58:01 UTC 2017
WiFi is up
Thu Nov 16 04:59:01 UTC 2017
WiFi is up
Thu Nov 16 05:00:01 UTC 2017
WiFi is up
Thu Nov 16 05:01:01 UTC 2017
WiFi is up
Thu Nov 16 05:02:01 UTC 2017
WiFi is up
Thu Nov 16 05:03:01 UTC 2017
WiFi is up
Thu Nov 16 05:04:01 UTC 2017
WiFi is up
Thu Nov 16 05:05:01 UTC 2017
WiFi is up
Thu Nov 16 05:06:01 UTC 2017
WiFi is up
Thu Nov 16 05:07:01 UTC 2017
WiFi is up
Thu Nov 16 05:08:01 UTC 2017
WiFi is up
Thu Nov 16 05:09:01 UTC 2017
WiFi is up
Thu Nov 16 05:10:01 UTC 2017
WiFi is up
Thu Nov 16 05:11:01 UTC 2017
WiFi is up
Thu Nov 16 05:12:01 UTC 2017
WiFi is up
Thu Nov 16 05:13:01 UTC 2017
WiFi is up
Thu Nov 16 05:14:01 UTC 2017
WiFi is up
Thu Nov 16 05:15:01 UTC 2017
WiFi is up
Thu Nov 16 05:16:01 UTC 2017
WiFi is up
Thu Nov 16 05:17:01 UTC 2017
WiFi is up
Thu Nov 16 05:18:01 UTC 2017
WiFi is up
Thu Nov 16 05:19:01 UTC 2017
WiFi is up
Thu Nov 16 05:20:01 UTC 2017
WiFi is up
Thu Nov 16 05:21:01 UTC 2017
WiFi is up
Thu Nov 16 05:22:01 UTC 2017
WiFi is up
Thu Nov 16 05:23:01 UTC 2017
WiFi is up
Thu Nov 16 05:24:01 UTC 2017
WiFi is up
Thu Nov 16 05:25:01 UTC 2017
WiFi is up
Thu Nov 16 05:26:01 UTC 2017
WiFi is up
Thu Nov 16 05:27:01 UTC 2017
WiFi is up
Thu Nov 16 05:28:01 UTC 2017
WiFi is up
Thu Nov 16 05:29:01 UTC 2017
WiFi is up
Thu Nov 16 05:30:01 UTC 2017
WiFi is up
Thu Nov 16 05:31:01 UTC 2017
WiFi is up
Thu Nov 16 05:32:01 UTC 2017
WiFi is up
Thu Nov 16 05:33:01 UTC 2017
WiFi is up
Thu Nov 16 05:34:01 UTC 2017
WiFi is up
Thu Nov 16 05:35:01 UTC 2017
WiFi is up
Thu Nov 16 05:36:01 UTC 2017
WiFi is up
Thu Nov 16 05:37:01 UTC 2017
WiFi is up
Thu Nov 16 05:38:01 UTC 2017
WiFi is up
Thu Nov 16 05:39:01 UTC 2017
WiFi is up
Thu Nov 16 05:40:01 UTC 2017
WiFi is up
Thu Nov 16 05:41:01 UTC 2017
WiFi is up
Thu Nov 16 05:42:01 UTC 2017
WiFi is up
Thu Nov 16 05:43:01 UTC 2017
WiFi is up
Thu Nov 16 05:44:01 UTC 2017
WiFi is up
Thu Nov 16 05:45:01 UTC 2017
WiFi is up
Thu Nov 16 05:46:01 UTC 2017
WiFi is up
Thu Nov 16 05:47:01 UTC 2017
WiFi is up
Thu Nov 16 05:48:01 UTC 2017
WiFi is up
Thu Nov 16 05:49:01 UTC 2017
WiFi is up
Thu Nov 16 05:50:01 UTC 2017
WiFi is up
Thu Nov 16 05:51:01 UTC 2017
WiFi is up
Thu Nov 16 05:52:01 UTC 2017
WiFi is up
Thu Nov 16 05:53:01 UTC 2017
WiFi is up
Thu Nov 16 05:54:01 UTC 2017
WiFi is up
Thu Nov 16 05:55:01 UTC 2017
WiFi is up
Thu Nov 16 05:56:01 UTC 2017
WiFi is up
Thu Nov 16 05:57:01 UTC 2017
WiFi is up
Thu Nov 16 05:58:01 UTC 2017
WiFi is up
Thu Nov 16 05:59:01 UTC 2017
WiFi is up
Thu Nov 16 06:00:01 UTC 2017
WiFi is up
Thu Nov 16 06:01:01 UTC 2017
WiFi is up
Thu Nov 16 06:02:01 UTC 2017
WiFi is up
Thu Nov 16 06:03:01 UTC 2017
WiFi is up
Thu Nov 16 06:04:01 UTC 2017
WiFi is up
Thu Nov 16 06:05:01 UTC 2017
WiFi is up
Thu Nov 16 06:06:01 UTC 2017
WiFi is up
Thu Nov 16 06:07:01 UTC 2017
WiFi is up
Thu Nov 16 06:08:01 UTC 2017
WiFi is up
Thu Nov 16 06:09:01 UTC 2017
WiFi is up
Thu Nov 16 06:10:01 UTC 2017
WiFi is up
Thu Nov 16 06:11:01 UTC 2017
WiFi is up
Thu Nov 16 06:12:01 UTC 2017
WiFi is up
Thu Nov 16 06:13:01 UTC 2017
WiFi is up
Thu Nov 16 06:14:01 UTC 2017
WiFi is up
Thu Nov 16 06:15:01 UTC 2017
WiFi is up
Thu Nov 16 06:16:01 UTC 2017
WiFi is up
Thu Nov 16 06:17:01 UTC 2017
WiFi is up
Thu Nov 16 06:18:01 UTC 2017
WiFi is up
Thu Nov 16 06:19:01 UTC 2017
WiFi is up
Thu Nov 16 06:20:01 UTC 2017
WiFi is up
Thu Nov 16 06:21:01 UTC 2017
WiFi is up
Thu Nov 16 06:22:01 UTC 2017
WiFi is up
Thu Nov 16 06:23:01 UTC 2017
WiFi is up
Thu Nov 16 06:24:01 UTC 2017
WiFi is up
Thu Nov 16 06:25:01 UTC 2017
WiFi is up
Thu Nov 16 06:26:01 UTC 2017
WiFi is up
Thu Nov 16 06:27:01 UTC 2017
WiFi is up
Thu Nov 16 06:28:01 UTC 2017
WiFi is up
Thu Nov 16 06:29:02 UTC 2017
WiFi is up
Thu Nov 16 06:30:01 UTC 2017
WiFi is up
Thu Nov 16 06:31:01 UTC 2017
WiFi is up
Thu Nov 16 06:32:01 UTC 2017
WiFi is up
Thu Nov 16 06:33:01 UTC 2017
WiFi is up
Thu Nov 16 06:34:01 UTC 2017
WiFi is up
Thu Nov 16 06:35:01 UTC 2017
WiFi is up
Thu Nov 16 06:36:01 UTC 2017
WiFi is up
Thu Nov 16 06:37:01 UTC 2017
WiFi is up
Thu Nov 16 06:38:01 UTC 2017
WiFi is up
Thu Nov 16 06:39:01 UTC 2017
WiFi is up
Thu Nov 16 06:40:01 UTC 2017
WiFi is up
Thu Nov 16 06:41:01 UTC 2017
WiFi is up
Thu Nov 16 06:42:01 UTC 2017
WiFi is up
Thu Nov 16 06:43:01 UTC 2017
WiFi is up
Thu Nov 16 06:44:01 UTC 2017
WiFi is up
Thu Nov 16 06:45:01 UTC 2017
WiFi is up
Thu Nov 16 06:46:01 UTC 2017
WiFi is up
Thu Nov 16 06:47:01 UTC 2017
WiFi is up
Thu Nov 16 06:48:01 UTC 2017
WiFi is up
Thu Nov 16 06:49:01 UTC 2017
WiFi is up
Thu Nov 16 06:50:01 UTC 2017
WiFi is up
Thu Nov 16 06:51:01 UTC 2017
WiFi is up
Thu Nov 16 06:52:01 UTC 2017
WiFi is up
Thu Nov 16 06:53:01 UTC 2017
WiFi is up
Thu Nov 16 06:54:01 UTC 2017
WiFi is up
Thu Nov 16 06:55:01 UTC 2017
WiFi is up
Thu Nov 16 06:56:01 UTC 2017
WiFi is up
Thu Nov 16 06:57:01 UTC 2017
WiFi is up
Thu Nov 16 06:58:01 UTC 2017
WiFi is up
Thu Nov 16 06:59:01 UTC 2017
WiFi is up
Thu Nov 16 07:00:01 UTC 2017
WiFi is up
Thu Nov 16 07:01:01 UTC 2017
WiFi is up
Thu Nov 16 07:02:01 UTC 2017
WiFi is up
Thu Nov 16 07:03:01 UTC 2017
WiFi is up
Thu Nov 16 07:04:01 UTC 2017
WiFi is up
Thu Nov 16 07:05:01 UTC 2017
WiFi is up
Thu Nov 16 07:06:01 UTC 2017
WiFi is up
Thu Nov 16 07:07:01 UTC 2017
WiFi is up
Thu Nov 16 07:08:01 UTC 2017
WiFi is up
Thu Nov 16 07:09:01 UTC 2017
WiFi is up
Thu Nov 16 07:10:01 UTC 2017
WiFi is up
Thu Nov 16 07:11:01 UTC 2017
WiFi is up
Thu Nov 16 07:12:01 UTC 2017
WiFi is up
Thu Nov 16 07:13:01 UTC 2017
WiFi is up
Thu Nov 16 07:14:01 UTC 2017
WiFi is up
Thu Nov 16 07:15:01 UTC 2017
WiFi is up
Thu Nov 16 07:16:01 UTC 2017
WiFi is up
Thu Nov 16 07:17:01 UTC 2017
WiFi is up
Thu Nov 16 07:18:01 UTC 2017
WiFi is up
Thu Nov 16 07:19:01 UTC 2017
WiFi is up
Thu Nov 16 07:20:01 UTC 2017
WiFi is up
Thu Nov 16 07:21:01 UTC 2017
WiFi is up
Thu Nov 16 07:22:01 UTC 2017
WiFi is up
Thu Nov 16 07:23:01 UTC 2017
WiFi is up
Thu Nov 16 07:24:02 UTC 2017
WiFi is up
Thu Nov 16 07:25:01 UTC 2017
WiFi is up
Thu Nov 16 07:26:01 UTC 2017
WiFi is up
Thu Nov 16 07:27:01 UTC 2017
WiFi is up
Thu Nov 16 07:28:01 UTC 2017
WiFi is up
Thu Nov 16 07:29:01 UTC 2017
WiFi is up
Thu Nov 16 07:30:01 UTC 2017
WiFi is up
Thu Nov 16 07:31:01 UTC 2017
WiFi is up
Thu Nov 16 07:32:01 UTC 2017
WiFi is up
Thu Nov 16 07:33:01 UTC 2017
WiFi is up
Thu Nov 16 07:34:01 UTC 2017
WiFi is up
Thu Nov 16 07:35:01 UTC 2017
WiFi is up
Thu Nov 16 07:36:01 UTC 2017
WiFi is up
Thu Nov 16 07:37:02 UTC 2017
WiFi is up
Thu Nov 16 07:38:01 UTC 2017
WiFi is up
Thu Nov 16 07:39:01 UTC 2017
WiFi is up
Thu Nov 16 07:40:01 UTC 2017
WiFi is up
Thu Nov 16 07:41:01 UTC 2017
WiFi is up
Thu Nov 16 07:42:01 UTC 2017
WiFi is up
Thu Nov 16 07:43:01 UTC 2017
WiFi is up
Thu Nov 16 07:44:01 UTC 2017
WiFi is up
Thu Nov 16 07:45:01 UTC 2017
WiFi is up
Thu Nov 16 07:46:01 UTC 2017
WiFi is up
Thu Nov 16 07:47:01 UTC 2017
WiFi is up
Thu Nov 16 07:48:01 UTC 2017
WiFi is up
Thu Nov 16 07:49:01 UTC 2017
WiFi is up
Thu Nov 16 07:50:01 UTC 2017
WiFi is up
Thu Nov 16 07:51:01 UTC 2017
WiFi is up
Thu Nov 16 07:52:01 UTC 2017
WiFi is up
Thu Nov 16 07:53:01 UTC 2017
WiFi is up
Thu Nov 16 07:54:01 UTC 2017
WiFi is up
Thu Nov 16 07:55:01 UTC 2017
WiFi is up
Thu Nov 16 07:56:01 UTC 2017
WiFi is up
Thu Nov 16 07:57:01 UTC 2017
WiFi is up
Thu Nov 16 07:58:01 UTC 2017
WiFi is up
Thu Nov 16 07:59:01 UTC 2017
WiFi is up
Thu Nov 16 08:00:01 UTC 2017
WiFi is up
Thu Nov 16 08:01:01 UTC 2017
WiFi is up
Thu Nov 16 08:02:01 UTC 2017
WiFi is up
Thu Nov 16 08:03:01 UTC 2017
WiFi is up
Thu Nov 16 08:05:01 UTC 2017
WiFi is up
Thu Nov 16 08:06:01 UTC 2017
WiFi is up
Thu Nov 16 08:07:01 UTC 2017
WiFi is up
Thu Nov 16 08:08:01 UTC 2017
WiFi is up
Thu Nov 16 08:09:01 UTC 2017
WiFi is up
Thu Nov 16 08:10:01 UTC 2017
WiFi is up
Thu Nov 16 08:11:01 UTC 2017
WiFi is up
Thu Nov 16 08:12:01 UTC 2017
WiFi is up
Thu Nov 16 08:13:01 UTC 2017
WiFi is up
Thu Nov 16 08:14:01 UTC 2017
WiFi is up
Thu Nov 16 08:15:01 UTC 2017
WiFi is up
Thu Nov 16 08:16:01 UTC 2017
WiFi is up
Thu Nov 16 08:17:01 UTC 2017
WiFi is up
Thu Nov 16 08:18:01 UTC 2017
WiFi is up
Thu Nov 16 08:19:01 UTC 2017
WiFi is up
Thu Nov 16 08:20:01 UTC 2017
WiFi is up
Thu Nov 16 08:21:01 UTC 2017
WiFi is up
Thu Nov 16 08:22:01 UTC 2017
WiFi is up
Thu Nov 16 08:23:01 UTC 2017
WiFi is up
Thu Nov 16 08:24:01 UTC 2017
WiFi is up
Thu Nov 16 08:25:01 UTC 2017
WiFi is up
Thu Nov 16 08:26:01 UTC 2017
WiFi is up
Thu Nov 16 08:27:01 UTC 2017
WiFi is up
Thu Nov 16 08:28:01 UTC 2017
WiFi is up
Thu Nov 16 08:29:01 UTC 2017
WiFi is up
Thu Nov 16 08:30:01 UTC 2017
WiFi is up
Thu Nov 16 08:31:01 UTC 2017
WiFi is up
Thu Nov 16 08:32:01 UTC 2017
WiFi is up
Thu Nov 16 08:33:01 UTC 2017
WiFi is up
Thu Nov 16 12:35:08 UTC 2017
WiFi is up
Thu Nov 16 12:36:01 UTC 2017
WiFi is up
Thu Nov 16 12:37:01 UTC 2017
WiFi is up
Thu Nov 16 12:38:01 UTC 2017
WiFi is up
Thu Nov 16 12:39:01 UTC 2017
WiFi is up
Thu Nov 16 12:40:01 UTC 2017
WiFi is up
Thu Nov 16 12:41:01 UTC 2017
WiFi is up
Thu Nov 16 12:42:01 UTC 2017
WiFi is up
Thu Nov 16 12:43:01 UTC 2017
WiFi is up
Thu Nov 16 12:44:01 UTC 2017
WiFi is up
Thu Nov 16 12:45:01 UTC 2017
WiFi is up
Thu Nov 16 12:46:01 UTC 2017
WiFi is up
Thu Nov 16 12:47:01 UTC 2017
WiFi is up
Thu Nov 16 12:48:01 UTC 2017
WiFi is up
Thu Nov 16 12:49:01 UTC 2017
WiFi is up
Thu Nov 16 12:50:01 UTC 2017
WiFi is up
Thu Nov 16 12:51:01 UTC 2017
WiFi is up
Thu Nov 16 12:52:01 UTC 2017
WiFi is up
Thu Nov 16 12:53:01 UTC 2017
WiFi is up
Thu Nov 16 12:54:01 UTC 2017
WiFi is up
Thu Nov 16 12:55:01 UTC 2017
WiFi is up
Thu Nov 16 12:56:01 UTC 2017
WiFi is up
Thu Nov 16 12:57:01 UTC 2017
WiFi is up
Thu Nov 16 12:58:01 UTC 2017
WiFi is up
Thu Nov 16 12:59:01 UTC 2017
WiFi is up
Thu Nov 16 13:00:01 UTC 2017
WiFi is up
Thu Nov 16 13:01:01 UTC 2017
WiFi is up
Thu Nov 16 13:02:01 UTC 2017
WiFi is up
Thu Nov 16 13:03:01 UTC 2017
WiFi is up
Thu Nov 16 13:04:01 UTC 2017
WiFi is up
Thu Nov 16 13:05:01 UTC 2017
WiFi is up
Thu Nov 16 13:06:01 UTC 2017
WiFi is up
Thu Nov 16 13:07:01 UTC 2017
WiFi is up
Thu Nov 16 13:08:01 UTC 2017
WiFi is up
Thu Nov 16 13:09:01 UTC 2017
WiFi is up
Thu Nov 16 13:10:02 UTC 2017
WiFi is up
Thu Nov 16 13:11:01 UTC 2017
WiFi is up
Thu Nov 16 13:12:01 UTC 2017
WiFi is up
Thu Nov 16 13:13:01 UTC 2017
WiFi is up
Thu Nov 16 13:14:01 UTC 2017
WiFi is up
Thu Nov 16 13:15:01 UTC 2017
WiFi is up
Thu Nov 16 13:16:01 UTC 2017
WiFi is up
Thu Nov 16 13:17:01 UTC 2017
WiFi is up
Thu Nov 16 13:18:01 UTC 2017
WiFi is up
Thu Nov 16 13:19:01 UTC 2017
WiFi is up
Thu Nov 16 13:20:01 UTC 2017
WiFi is up
Thu Nov 16 13:21:01 UTC 2017
WiFi is up
Thu Nov 16 13:22:01 UTC 2017
WiFi is up
Thu Nov 16 13:23:01 UTC 2017
WiFi is up
Thu Nov 16 13:24:01 UTC 2017
WiFi is up
Thu Nov 16 13:25:01 UTC 2017
WiFi is up
Thu Nov 16 13:26:01 UTC 2017
WiFi is up
Thu Nov 16 13:27:01 UTC 2017
WiFi is up
Thu Nov 16 13:28:01 UTC 2017
WiFi is up
Thu Nov 16 13:29:01 UTC 2017
WiFi is up
Thu Nov 16 13:30:01 UTC 2017
WiFi is up
Thu Nov 16 13:31:01 UTC 2017
WiFi is up
Thu Nov 16 13:32:01 UTC 2017
WiFi is up
Thu Nov 16 13:33:01 UTC 2017
WiFi is up
Thu Nov 16 13:34:01 UTC 2017
WiFi is up
Thu Nov 16 13:35:01 UTC 2017
WiFi is up
Thu Nov 16 13:36:01 UTC 2017
WiFi is up
Thu Nov 16 13:37:01 UTC 2017
WiFi is up
Thu Nov 16 13:38:01 UTC 2017
WiFi is up
Thu Nov 16 13:39:01 UTC 2017
WiFi is up
Thu Nov 16 13:40:01 UTC 2017
WiFi is up
Thu Nov 16 13:41:01 UTC 2017
WiFi is up
Thu Nov 16 13:42:01 UTC 2017
WiFi is up
Thu Nov 16 13:43:01 UTC 2017
WiFi is up
Thu Nov 16 13:44:01 UTC 2017
WiFi is up
Thu Nov 16 13:45:01 UTC 2017
WiFi is up
Thu Nov 16 13:46:01 UTC 2017
WiFi is up
Thu Nov 16 13:47:01 UTC 2017
WiFi is up
Thu Nov 16 13:48:01 UTC 2017
WiFi is up
Thu Nov 16 13:49:01 UTC 2017
WiFi is up
Thu Nov 16 13:50:01 UTC 2017
WiFi is up
Thu Nov 16 13:51:01 UTC 2017
WiFi is up
Thu Nov 16 13:52:01 UTC 2017
WiFi is up
Thu Nov 16 13:53:01 UTC 2017
WiFi is up
Thu Nov 16 13:54:01 UTC 2017
WiFi is up
Thu Nov 16 13:55:01 UTC 2017
WiFi is up
Thu Nov 16 13:56:01 UTC 2017
WiFi is up
Thu Nov 16 13:57:01 UTC 2017
WiFi is up
Thu Nov 16 13:58:01 UTC 2017
WiFi is up
Thu Nov 16 13:59:01 UTC 2017
WiFi is up
Thu Nov 16 14:00:01 UTC 2017
WiFi is up
Thu Nov 16 14:01:01 UTC 2017
WiFi is up
Thu Nov 16 14:02:01 UTC 2017
WiFi is up
Thu Nov 16 14:03:01 UTC 2017
WiFi is up
Thu Nov 16 14:04:01 UTC 2017
WiFi is up
Thu Nov 16 14:05:01 UTC 2017
WiFi is up
Thu Nov 16 14:06:01 UTC 2017
WiFi is up
Thu Nov 16 14:07:01 UTC 2017
WiFi is up
Thu Nov 16 14:08:01 UTC 2017
WiFi is up
Thu Nov 16 14:09:01 UTC 2017
WiFi is up
Thu Nov 16 14:10:01 UTC 2017
WiFi is up
Thu Nov 16 14:11:01 UTC 2017
WiFi is up
Thu Nov 16 14:12:01 UTC 2017
WiFi is up
Thu Nov 16 14:13:01 UTC 2017
WiFi is up
Thu Nov 16 14:14:01 UTC 2017
WiFi is up
Thu Nov 16 14:15:01 UTC 2017
WiFi is up
Thu Nov 16 14:16:01 UTC 2017
WiFi is up
Thu Nov 16 14:17:01 UTC 2017
WiFi is up
Thu Nov 16 14:18:01 UTC 2017
WiFi is up
Thu Nov 16 14:19:01 UTC 2017
WiFi is up
Thu Nov 16 14:20:01 UTC 2017
WiFi is up
Thu Nov 16 14:21:02 UTC 2017
WiFi is up
Thu Nov 16 14:22:01 UTC 2017
WiFi is up
Thu Nov 16 14:23:01 UTC 2017
WiFi is up
Thu Nov 16 14:24:01 UTC 2017
WiFi is up
Thu Nov 16 14:25:01 UTC 2017
WiFi is up
Thu Nov 16 14:26:01 UTC 2017
WiFi is up
Thu Nov 16 14:27:01 UTC 2017
WiFi is up
Thu Nov 16 14:28:01 UTC 2017
WiFi is up
Thu Nov 16 14:29:01 UTC 2017
WiFi is up
Thu Nov 16 14:30:01 UTC 2017
WiFi is up
Thu Nov 16 14:31:01 UTC 2017
WiFi is up
Thu Nov 16 14:32:01 UTC 2017
WiFi is up
Thu Nov 16 14:33:01 UTC 2017
WiFi is up
Thu Nov 16 14:34:01 UTC 2017
WiFi is up
Thu Nov 16 14:35:01 UTC 2017
WiFi is up
Thu Nov 16 14:36:01 UTC 2017
WiFi is up
Thu Nov 16 14:37:01 UTC 2017
WiFi is up
Thu Nov 16 14:38:01 UTC 2017
WiFi is up
Thu Nov 16 14:39:01 UTC 2017
WiFi is up
Thu Nov 16 14:40:01 UTC 2017
WiFi is up
Thu Nov 16 14:41:01 UTC 2017
WiFi is up
Thu Nov 16 14:42:01 UTC 2017
WiFi is up
Thu Nov 16 14:43:02 UTC 2017
WiFi is up
Thu Nov 16 14:44:01 UTC 2017
WiFi is up
Thu Nov 16 14:45:01 UTC 2017
WiFi is up
Thu Nov 16 14:46:01 UTC 2017
WiFi is up
Thu Nov 16 14:47:01 UTC 2017
WiFi is up
Thu Nov 16 14:48:01 UTC 2017
WiFi is up
Thu Nov 16 14:49:01 UTC 2017
WiFi is up
Thu Nov 16 14:50:01 UTC 2017
WiFi is up
Thu Nov 16 14:51:01 UTC 2017
WiFi is up
Thu Nov 16 14:52:01 UTC 2017
WiFi is up
Thu Nov 16 14:53:01 UTC 2017
WiFi is up
Thu Nov 16 14:54:01 UTC 2017
WiFi is up
Thu Nov 16 14:55:01 UTC 2017
WiFi is up
Thu Nov 16 14:56:01 UTC 2017
WiFi is up
Thu Nov 16 14:57:01 UTC 2017
WiFi is up
Thu Nov 16 14:58:01 UTC 2017
WiFi is up
Thu Nov 16 14:59:01 UTC 2017
WiFi is up
Thu Nov 16 15:00:01 UTC 2017
WiFi is up
Thu Nov 16 15:01:01 UTC 2017
WiFi is up
Thu Nov 16 15:02:01 UTC 2017
WiFi is up
Thu Nov 16 15:03:01 UTC 2017
WiFi is up
Thu Nov 16 15:04:01 UTC 2017
WiFi is up
Thu Nov 16 15:05:01 UTC 2017
WiFi is up
Thu Nov 16 15:06:01 UTC 2017
WiFi is up
Thu Nov 16 15:07:01 UTC 2017
WiFi is up
Thu Nov 16 15:08:01 UTC 2017
WiFi is up
Thu Nov 16 15:09:01 UTC 2017
WiFi is up
Thu Nov 16 15:10:01 UTC 2017
WiFi is up
Thu Nov 16 15:11:01 UTC 2017
WiFi is up
Thu Nov 16 15:12:01 UTC 2017
WiFi is up
Thu Nov 16 15:13:01 UTC 2017
WiFi is up
Thu Nov 16 15:14:01 UTC 2017
WiFi is up
Thu Nov 16 15:15:01 UTC 2017
WiFi is up
Thu Nov 16 15:16:01 UTC 2017
WiFi is up
Thu Nov 16 15:17:01 UTC 2017
WiFi is up
Thu Nov 16 15:18:01 UTC 2017
WiFi is up
Thu Nov 16 15:19:01 UTC 2017
WiFi is up
Thu Nov 16 15:20:01 UTC 2017
WiFi is up
Thu Nov 16 15:21:01 UTC 2017
WiFi is up
Thu Nov 16 15:22:01 UTC 2017
WiFi is up
Thu Nov 16 15:23:01 UTC 2017
WiFi is up
Thu Nov 16 15:24:02 UTC 2017
WiFi is up
Thu Nov 16 15:25:01 UTC 2017
WiFi is up
Thu Nov 16 15:26:01 UTC 2017
WiFi is up
Thu Nov 16 15:27:01 UTC 2017
WiFi is up
Thu Nov 16 15:28:01 UTC 2017
WiFi is up
Thu Nov 16 15:29:02 UTC 2017
WiFi is up
Thu Nov 16 15:30:01 UTC 2017
WiFi is up
Thu Nov 16 15:31:01 UTC 2017
WiFi is up
Thu Nov 16 15:32:01 UTC 2017
WiFi is up
Thu Nov 16 15:33:01 UTC 2017
WiFi is up
Thu Nov 16 15:34:01 UTC 2017
WiFi is up
Thu Nov 16 15:35:01 UTC 2017
WiFi is up
Thu Nov 16 15:36:01 UTC 2017
WiFi is up
Thu Nov 16 15:37:01 UTC 2017
WiFi is up
Thu Nov 16 15:38:01 UTC 2017
WiFi is up
Thu Nov 16 15:39:01 UTC 2017
WiFi is up
Thu Nov 16 15:40:01 UTC 2017
WiFi is up
Thu Nov 16 15:41:01 UTC 2017
WiFi is up
Thu Nov 16 15:42:01 UTC 2017
WiFi is up
Thu Nov 16 15:43:01 UTC 2017
WiFi is up
Thu Nov 16 15:44:01 UTC 2017
WiFi is up
Thu Nov 16 15:45:01 UTC 2017
WiFi is up
Thu Nov 16 15:46:01 UTC 2017
WiFi is up
Thu Nov 16 15:47:01 UTC 2017
WiFi is up
Thu Nov 16 15:48:01 UTC 2017
WiFi is up
Thu Nov 16 15:49:01 UTC 2017
WiFi is up
Thu Nov 16 15:50:01 UTC 2017
WiFi is up
Thu Nov 16 15:51:01 UTC 2017
WiFi is up
Thu Nov 16 15:52:01 UTC 2017
WiFi is up
Thu Nov 16 15:53:01 UTC 2017
WiFi is up
Thu Nov 16 15:54:01 UTC 2017
WiFi is up
Thu Nov 16 15:55:01 UTC 2017
WiFi is up
Thu Nov 16 15:56:01 UTC 2017
WiFi is up
Thu Nov 16 15:57:01 UTC 2017
WiFi is up
Thu Nov 16 15:58:01 UTC 2017
WiFi is up
Thu Nov 16 15:59:01 UTC 2017
WiFi is up
Thu Nov 16 16:00:01 UTC 2017
WiFi is up
Thu Nov 16 16:01:01 UTC 2017
WiFi is up
Thu Nov 16 16:02:01 UTC 2017
WiFi is up
Thu Nov 16 16:03:01 UTC 2017
WiFi is up
Thu Nov 16 16:04:01 UTC 2017
WiFi is up
Thu Nov 16 16:05:01 UTC 2017
WiFi is up
Thu Nov 16 16:06:01 UTC 2017
WiFi is up
Thu Nov 16 16:07:01 UTC 2017
WiFi is up
Thu Nov 16 16:08:01 UTC 2017
WiFi is up
Thu Nov 16 16:09:01 UTC 2017
WiFi is up
Thu Nov 16 16:10:01 UTC 2017
WiFi is up
Thu Nov 16 16:11:01 UTC 2017
WiFi is up
Thu Nov 16 16:12:01 UTC 2017
WiFi is up
Thu Nov 16 16:13:01 UTC 2017
WiFi is up
Thu Nov 16 16:14:01 UTC 2017
WiFi is up
Thu Nov 16 16:15:01 UTC 2017
WiFi is up
Thu Nov 16 16:16:01 UTC 2017
WiFi is up
Thu Nov 16 16:17:01 UTC 2017
WiFi is up
Thu Nov 16 16:18:01 UTC 2017
WiFi is up
Thu Nov 16 16:19:01 UTC 2017
WiFi is up
Thu Nov 16 16:20:01 UTC 2017
WiFi is up
Thu Nov 16 16:21:01 UTC 2017
WiFi is up
Thu Nov 16 16:22:01 UTC 2017
WiFi is up
Thu Nov 16 16:23:01 UTC 2017
WiFi is up
Thu Nov 16 16:24:01 UTC 2017
WiFi is up
Thu Nov 16 16:25:01 UTC 2017
WiFi is up
Thu Nov 16 16:26:01 UTC 2017
WiFi is up
Thu Nov 16 16:27:01 UTC 2017
WiFi is up
Thu Nov 16 16:28:01 UTC 2017
WiFi is up
Thu Nov 16 16:29:01 UTC 2017
WiFi is up
Thu Nov 16 16:30:01 UTC 2017
WiFi is up
Thu Nov 16 16:31:01 UTC 2017
WiFi is up
Thu Nov 16 16:32:01 UTC 2017
WiFi is up
Thu Nov 16 16:33:01 UTC 2017
WiFi is up
Thu Nov 16 16:34:01 UTC 2017
WiFi is up
Thu Nov 16 16:35:01 UTC 2017
WiFi is up
Thu Nov 16 16:36:01 UTC 2017
WiFi is up
Thu Nov 16 16:37:01 UTC 2017
WiFi is up
Thu Nov 16 16:38:01 UTC 2017
WiFi is up
Thu Nov 16 16:39:01 UTC 2017
WiFi is up
Thu Nov 16 16:40:01 UTC 2017
WiFi is up
Thu Nov 16 16:41:01 UTC 2017
WiFi is up
Thu Nov 16 16:42:01 UTC 2017
WiFi is up
Thu Nov 16 16:43:02 UTC 2017
WiFi is up
Thu Nov 16 16:44:01 UTC 2017
WiFi is up
Thu Nov 16 16:45:01 UTC 2017
WiFi is up
Thu Nov 16 16:46:01 UTC 2017
WiFi is up
Thu Nov 16 16:47:01 UTC 2017
WiFi is up
Fri Nov 17 04:08:29 UTC 2017
WiFi is up
Fri Nov 17 04:09:01 UTC 2017
WiFi is up
Fri Nov 17 04:10:01 UTC 2017
WiFi is up
Fri Nov 17 04:11:01 UTC 2017
WiFi is up
Fri Nov 17 04:12:01 UTC 2017
WiFi is up
Fri Nov 17 04:13:01 UTC 2017
WiFi is up
Fri Nov 17 04:14:01 UTC 2017
WiFi is up
Fri Nov 17 04:15:01 UTC 2017
WiFi is up
Fri Nov 17 04:16:01 UTC 2017
WiFi is up
Fri Nov 17 04:17:01 UTC 2017
WiFi is up
Fri Nov 17 04:18:01 UTC 2017
WiFi is up
Fri Nov 17 04:19:01 UTC 2017
WiFi is up
Fri Nov 17 04:20:01 UTC 2017
WiFi is up
Fri Nov 17 04:21:01 UTC 2017
WiFi is up
Fri Nov 17 04:22:01 UTC 2017
WiFi is up
Fri Nov 17 04:23:02 UTC 2017
WiFi is up
Fri Nov 17 04:24:01 UTC 2017
WiFi is up
Fri Nov 17 04:25:01 UTC 2017
WiFi is up
Fri Nov 17 04:26:01 UTC 2017
WiFi is up
Fri Nov 17 04:27:01 UTC 2017
WiFi is up
Fri Nov 17 04:28:01 UTC 2017
WiFi is up
Fri Nov 17 04:29:01 UTC 2017
WiFi is up
Fri Nov 17 04:30:01 UTC 2017
WiFi is up
Fri Nov 17 04:31:01 UTC 2017
WiFi is up
Fri Nov 17 04:32:01 UTC 2017
WiFi is up
Fri Nov 17 04:33:01 UTC 2017
WiFi is up
Fri Nov 17 04:34:01 UTC 2017
WiFi is up
Fri Nov 17 04:35:01 UTC 2017
WiFi is up
Fri Nov 17 04:36:01 UTC 2017
WiFi is up
Fri Nov 17 04:37:01 UTC 2017
WiFi is up
Fri Nov 17 04:38:01 UTC 2017
WiFi is up
Fri Nov 17 04:39:01 UTC 2017
WiFi is up
Fri Nov 17 04:40:01 UTC 2017
WiFi is up
Fri Nov 17 04:41:01 UTC 2017
WiFi is up
Fri Nov 17 04:42:01 UTC 2017
WiFi is up
Fri Nov 17 04:43:01 UTC 2017
WiFi is up
Fri Nov 17 04:44:01 UTC 2017
WiFi is up
Fri Nov 17 04:45:01 UTC 2017
WiFi is up
Fri Nov 17 04:46:01 UTC 2017
WiFi is up
Fri Nov 17 04:47:01 UTC 2017
WiFi is up
Fri Nov 17 04:48:01 UTC 2017
WiFi is up
Fri Nov 17 04:49:01 UTC 2017
WiFi is up
Fri Nov 17 04:50:01 UTC 2017
WiFi is up
Fri Nov 17 04:51:01 UTC 2017
WiFi is up
Fri Nov 17 04:52:01 UTC 2017
WiFi is up
Fri Nov 17 04:53:01 UTC 2017
WiFi is up
Fri Nov 17 04:54:01 UTC 2017
WiFi is up
Fri Nov 17 04:55:01 UTC 2017
WiFi is up
Fri Nov 17 04:56:01 UTC 2017
WiFi is up
Fri Nov 17 04:57:01 UTC 2017
WiFi is up
Fri Nov 17 04:58:01 UTC 2017
WiFi is up
Fri Nov 17 04:59:01 UTC 2017
WiFi is up
Fri Nov 17 05:00:01 UTC 2017
WiFi is up
Fri Nov 17 05:01:01 UTC 2017
WiFi is up
Fri Nov 17 05:02:01 UTC 2017
WiFi is up
Fri Nov 17 05:03:01 UTC 2017
WiFi is up
Fri Nov 17 05:04:01 UTC 2017
WiFi is up
Fri Nov 17 05:05:01 UTC 2017
WiFi is up
Fri Nov 17 05:06:01 UTC 2017
WiFi is up
Fri Nov 17 05:07:01 UTC 2017
WiFi is up
Fri Nov 17 05:08:01 UTC 2017
WiFi is up
Fri Nov 17 05:09:01 UTC 2017
WiFi is up
Fri Nov 17 05:10:01 UTC 2017
WiFi is up
Fri Nov 17 05:11:01 UTC 2017
WiFi is up
Fri Nov 17 05:12:01 UTC 2017
WiFi is up
Fri Nov 17 05:13:01 UTC 2017
WiFi is up
Fri Nov 17 05:14:01 UTC 2017
WiFi is up
Fri Nov 17 05:15:01 UTC 2017
WiFi is up
Fri Nov 17 05:16:01 UTC 2017
WiFi is up
Fri Nov 17 05:17:01 UTC 2017
WiFi is up
Fri Nov 17 05:18:01 UTC 2017
WiFi is up
Fri Nov 17 05:19:01 UTC 2017
WiFi is up
Fri Nov 17 05:20:01 UTC 2017
WiFi is up
Fri Nov 17 05:21:02 UTC 2017
WiFi is up
Fri Nov 17 05:22:01 UTC 2017
WiFi is up
Fri Nov 17 05:23:01 UTC 2017
WiFi is up
Fri Nov 17 05:24:01 UTC 2017
WiFi is up
Fri Nov 17 05:25:01 UTC 2017
WiFi is up
Fri Nov 17 05:26:01 UTC 2017
WiFi is up
Fri Nov 17 05:27:01 UTC 2017
WiFi is up
Fri Nov 17 05:28:01 UTC 2017
WiFi is up
Fri Nov 17 05:29:01 UTC 2017
WiFi is up
Fri Nov 17 05:30:01 UTC 2017
WiFi is up
Fri Nov 17 05:31:01 UTC 2017
WiFi is up
Fri Nov 17 05:32:01 UTC 2017
WiFi is up
Fri Nov 17 05:33:01 UTC 2017
WiFi is up
Fri Nov 17 05:34:02 UTC 2017
WiFi is up
Fri Nov 17 05:35:01 UTC 2017
WiFi is up
Fri Nov 17 05:36:01 UTC 2017
WiFi is up
Fri Nov 17 05:37:01 UTC 2017
WiFi is up
Fri Nov 17 05:38:01 UTC 2017
WiFi is up
Fri Nov 17 05:39:01 UTC 2017
WiFi is up
Fri Nov 17 05:40:01 UTC 2017
WiFi is up
Fri Nov 17 05:41:01 UTC 2017
WiFi is up
Fri Nov 17 05:42:01 UTC 2017
WiFi is up
Fri Nov 17 05:43:01 UTC 2017
WiFi is up
Fri Nov 17 05:44:01 UTC 2017
WiFi is up
Fri Nov 17 05:45:01 UTC 2017
WiFi is up
Fri Nov 17 05:46:01 UTC 2017
WiFi is up
Fri Nov 17 05:47:01 UTC 2017
WiFi is up
Fri Nov 17 05:48:01 UTC 2017
WiFi is up
Fri Nov 17 05:49:01 UTC 2017
WiFi is up
Fri Nov 17 05:50:01 UTC 2017
WiFi is up
Fri Nov 17 05:51:01 UTC 2017
WiFi is up
Fri Nov 17 05:52:01 UTC 2017
WiFi is up
Fri Nov 17 05:53:01 UTC 2017
WiFi is up
Fri Nov 17 05:54:01 UTC 2017
WiFi is up
Fri Nov 17 05:55:01 UTC 2017
WiFi is up
Fri Nov 17 05:56:01 UTC 2017
WiFi is up
Fri Nov 17 05:57:01 UTC 2017
WiFi is up
Fri Nov 17 05:58:01 UTC 2017
WiFi is up
Fri Nov 17 05:59:01 UTC 2017
WiFi is up
Fri Nov 17 06:00:01 UTC 2017
WiFi is up
Fri Nov 17 06:01:01 UTC 2017
WiFi is up
Fri Nov 17 06:02:01 UTC 2017
WiFi is up
Fri Nov 17 06:03:01 UTC 2017
WiFi is up
Fri Nov 17 06:04:01 UTC 2017
WiFi is up
Fri Nov 17 06:05:01 UTC 2017
WiFi is up
Fri Nov 17 06:06:01 UTC 2017
WiFi is up
Fri Nov 17 06:07:01 UTC 2017
WiFi is up
Fri Nov 17 06:08:01 UTC 2017
WiFi is up
Fri Nov 17 06:09:01 UTC 2017
WiFi is up
Fri Nov 17 06:10:01 UTC 2017
WiFi is up
Fri Nov 17 06:11:01 UTC 2017
WiFi is up
Fri Nov 17 06:12:01 UTC 2017
WiFi is up
Fri Nov 17 06:13:01 UTC 2017
WiFi is up
Fri Nov 17 06:14:01 UTC 2017
WiFi is up
Fri Nov 17 06:15:01 UTC 2017
WiFi is up
Fri Nov 17 06:16:01 UTC 2017
WiFi is up
Fri Nov 17 06:17:01 UTC 2017
WiFi is up
Fri Nov 17 06:18:01 UTC 2017
WiFi is up
Fri Nov 17 06:19:01 UTC 2017
WiFi is up
Fri Nov 17 06:20:01 UTC 2017
WiFi is up
Fri Nov 17 06:21:01 UTC 2017
WiFi is up
Fri Nov 17 06:22:01 UTC 2017
WiFi is up
Fri Nov 17 06:23:01 UTC 2017
WiFi is up
Fri Nov 17 06:24:01 UTC 2017
WiFi is up
Fri Nov 17 06:25:01 UTC 2017
WiFi is up
Fri Nov 17 06:26:01 UTC 2017
WiFi is up
Fri Nov 17 06:27:01 UTC 2017
WiFi is up
Fri Nov 17 06:28:01 UTC 2017
WiFi is up
Fri Nov 17 06:29:01 UTC 2017
WiFi is up
Fri Nov 17 06:30:02 UTC 2017
WiFi is up
Fri Nov 17 06:31:01 UTC 2017
WiFi is up
Fri Nov 17 06:32:01 UTC 2017
WiFi is up
Fri Nov 17 06:33:01 UTC 2017
WiFi is up
Fri Nov 17 06:34:01 UTC 2017
WiFi is up
Fri Nov 17 06:35:01 UTC 2017
WiFi is up
Fri Nov 17 06:36:01 UTC 2017
WiFi is up
Fri Nov 17 06:37:01 UTC 2017
WiFi is up
Fri Nov 17 06:38:01 UTC 2017
WiFi is up
Fri Nov 17 06:39:01 UTC 2017
WiFi is up
Fri Nov 17 06:40:01 UTC 2017
WiFi is up
Fri Nov 17 06:41:01 UTC 2017
WiFi is up
Fri Nov 17 06:42:01 UTC 2017
WiFi is up
Fri Nov 17 06:43:01 UTC 2017
WiFi is up
Fri Nov 17 06:44:01 UTC 2017
WiFi is up
Fri Nov 17 06:45:01 UTC 2017
WiFi is up
Fri Nov 17 06:46:01 UTC 2017
WiFi is up
Fri Nov 17 06:47:01 UTC 2017
WiFi is up
Fri Nov 17 06:48:01 UTC 2017
WiFi is up
Fri Nov 17 06:49:01 UTC 2017
WiFi is up
Fri Nov 17 06:50:01 UTC 2017
WiFi is up
Fri Nov 17 06:51:01 UTC 2017
WiFi is up
Fri Nov 17 06:52:01 UTC 2017
WiFi is up
Fri Nov 17 06:53:01 UTC 2017
WiFi is up
Fri Nov 17 06:54:02 UTC 2017
WiFi is up
Fri Nov 17 06:55:01 UTC 2017
WiFi is up
Fri Nov 17 06:56:01 UTC 2017
WiFi is up
Fri Nov 17 06:57:01 UTC 2017
WiFi is up
Fri Nov 17 06:58:01 UTC 2017
WiFi is up
Fri Nov 17 06:59:01 UTC 2017
WiFi is up
Fri Nov 17 07:00:01 UTC 2017
WiFi is up
Fri Nov 17 07:01:01 UTC 2017
WiFi is up
Fri Nov 17 07:02:01 UTC 2017
WiFi is up
Fri Nov 17 07:03:01 UTC 2017
WiFi is up
Fri Nov 17 07:04:01 UTC 2017
WiFi is up
Fri Nov 17 07:05:01 UTC 2017
WiFi is up
Fri Nov 17 07:06:01 UTC 2017
WiFi is up
Fri Nov 17 07:07:01 UTC 2017
WiFi is up
Fri Nov 17 07:08:01 UTC 2017
WiFi is up
Fri Nov 17 07:09:01 UTC 2017
WiFi is up
Fri Nov 17 07:10:01 UTC 2017
WiFi is up
Fri Nov 17 07:11:01 UTC 2017
WiFi is up
Fri Nov 17 07:12:01 UTC 2017
WiFi is up
Fri Nov 17 07:13:01 UTC 2017
WiFi is up
Fri Nov 17 07:14:01 UTC 2017
WiFi is up
Fri Nov 17 07:15:01 UTC 2017
WiFi is up
Fri Nov 17 07:16:01 UTC 2017
WiFi is up
Fri Nov 17 07:17:01 UTC 2017
WiFi is up
Fri Nov 17 07:18:01 UTC 2017
WiFi is up
Fri Nov 17 07:19:01 UTC 2017
WiFi is up
Fri Nov 17 07:20:01 UTC 2017
WiFi is up
Fri Nov 17 07:21:01 UTC 2017
WiFi is up
Fri Nov 17 07:22:01 UTC 2017
WiFi is up
Fri Nov 17 07:23:01 UTC 2017
WiFi is up
Fri Nov 17 07:24:01 UTC 2017
WiFi is up
Fri Nov 17 07:25:01 UTC 2017
WiFi is up
Fri Nov 17 07:26:01 UTC 2017
WiFi is up
Fri Nov 17 07:27:01 UTC 2017
WiFi is up
Fri Nov 17 07:28:01 UTC 2017
WiFi is up
Fri Nov 17 07:29:01 UTC 2017
WiFi is up
Fri Nov 17 07:30:02 UTC 2017
WiFi is up
Fri Nov 17 07:31:01 UTC 2017
WiFi is up
Fri Nov 17 07:32:01 UTC 2017
WiFi is up
Fri Nov 17 07:33:01 UTC 2017
WiFi is up
Fri Nov 17 07:34:01 UTC 2017
WiFi is up
Fri Nov 17 07:35:01 UTC 2017
WiFi is up
Fri Nov 17 07:36:01 UTC 2017
WiFi is up
Fri Nov 17 07:37:01 UTC 2017
WiFi is up
Fri Nov 17 07:38:01 UTC 2017
WiFi is up
Fri Nov 17 07:39:01 UTC 2017
WiFi is up
Fri Nov 17 07:40:01 UTC 2017
WiFi is up
Fri Nov 17 07:41:01 UTC 2017
WiFi is up
Fri Nov 17 07:42:01 UTC 2017
WiFi is up
Fri Nov 17 07:43:01 UTC 2017
WiFi is up
Fri Nov 17 07:44:01 UTC 2017
WiFi is up
Fri Nov 17 07:45:01 UTC 2017
WiFi is up
Fri Nov 17 07:46:01 UTC 2017
WiFi is up
Fri Nov 17 07:47:01 UTC 2017
WiFi is up
Fri Nov 17 07:48:01 UTC 2017
WiFi is up
Fri Nov 17 07:49:01 UTC 2017
WiFi is up
Fri Nov 17 07:50:01 UTC 2017
WiFi is up
Fri Nov 17 07:51:01 UTC 2017
WiFi is up
Fri Nov 17 07:52:01 UTC 2017
WiFi is up
Fri Nov 17 07:53:01 UTC 2017
WiFi is up
Fri Nov 17 07:54:01 UTC 2017
WiFi is up
Fri Nov 17 07:55:01 UTC 2017
WiFi is up
Fri Nov 17 07:56:01 UTC 2017
WiFi is up
Fri Nov 17 07:57:01 UTC 2017
WiFi is up
Fri Nov 17 07:58:01 UTC 2017
WiFi is up
Fri Nov 17 07:59:01 UTC 2017
WiFi is up
Fri Nov 17 08:00:01 UTC 2017
WiFi is up
Fri Nov 17 08:01:01 UTC 2017
WiFi is up
Fri Nov 17 08:02:01 UTC 2017
WiFi is up
Fri Nov 17 08:03:01 UTC 2017
WiFi is up
Fri Nov 17 08:04:01 UTC 2017
WiFi is up
Fri Nov 17 08:05:01 UTC 2017
WiFi is up
Fri Nov 17 08:06:01 UTC 2017
WiFi is up
Fri Nov 17 08:07:01 UTC 2017
WiFi is up
Fri Nov 17 08:08:01 UTC 2017
WiFi is up
Fri Nov 17 08:09:01 UTC 2017
WiFi is up
Fri Nov 17 08:10:01 UTC 2017
WiFi is up
Fri Nov 17 08:11:01 UTC 2017
WiFi is up
Fri Nov 17 08:12:01 UTC 2017
WiFi is up
Fri Nov 17 08:13:01 UTC 2017
WiFi is up
Fri Nov 17 08:14:01 UTC 2017
WiFi is up
Fri Nov 17 08:15:01 UTC 2017
WiFi is up
Fri Nov 17 08:16:01 UTC 2017
WiFi is up
Fri Nov 17 08:17:01 UTC 2017
WiFi is up
Fri Nov 17 08:18:01 UTC 2017
WiFi is up
Fri Nov 17 08:19:01 UTC 2017
WiFi is up
Fri Nov 17 08:20:01 UTC 2017
WiFi is up
Fri Nov 17 08:21:01 UTC 2017
WiFi is up
Fri Nov 17 08:22:01 UTC 2017
WiFi is up
Fri Nov 17 08:23:01 UTC 2017
WiFi is up
Fri Nov 17 08:24:01 UTC 2017
WiFi is up
Fri Nov 17 08:25:01 UTC 2017
WiFi is up
Fri Nov 17 08:26:01 UTC 2017
WiFi is up
Fri Nov 17 08:27:01 UTC 2017
WiFi is up
Fri Nov 17 08:28:01 UTC 2017
WiFi is up
Fri Nov 17 08:29:01 UTC 2017
WiFi is up
Fri Nov 17 08:30:01 UTC 2017
WiFi is up
Fri Nov 17 08:31:01 UTC 2017
WiFi is up
Fri Nov 17 08:32:02 UTC 2017
WiFi is up
Fri Nov 17 08:33:01 UTC 2017
WiFi is up
Fri Nov 17 08:34:01 UTC 2017
WiFi is up
Fri Nov 17 08:35:01 UTC 2017
WiFi is up
Fri Nov 17 08:36:01 UTC 2017
WiFi is up
Fri Nov 17 08:37:01 UTC 2017
WiFi is up
Fri Nov 17 08:38:01 UTC 2017
WiFi is up
Fri Nov 17 08:39:01 UTC 2017
WiFi is up
Fri Nov 17 08:40:01 UTC 2017
WiFi is up
Fri Nov 17 08:41:01 UTC 2017
WiFi is up
Fri Nov 17 08:42:01 UTC 2017
WiFi is up
Fri Nov 17 08:43:01 UTC 2017
WiFi is up
Fri Nov 17 08:44:01 UTC 2017
WiFi is up
Fri Nov 17 08:45:01 UTC 2017
WiFi is up
Fri Nov 17 08:46:01 UTC 2017
WiFi is up
Fri Nov 17 08:47:01 UTC 2017
WiFi is up
Fri Nov 17 08:48:01 UTC 2017
WiFi is up
Fri Nov 17 08:49:01 UTC 2017
WiFi is up
Fri Nov 17 08:50:01 UTC 2017
WiFi is up
Fri Nov 17 08:51:01 UTC 2017
WiFi is up
Fri Nov 17 08:52:01 UTC 2017
WiFi is up
Fri Nov 17 08:53:01 UTC 2017
WiFi is up
Fri Nov 17 08:54:01 UTC 2017
WiFi is up
Fri Nov 17 08:55:01 UTC 2017
WiFi is up
Fri Nov 17 08:56:01 UTC 2017
WiFi is up
Fri Nov 17 08:57:01 UTC 2017
WiFi is up
Fri Nov 17 08:58:01 UTC 2017
WiFi is up
Fri Nov 17 08:59:01 UTC 2017
WiFi is up
Fri Nov 17 09:00:01 UTC 2017
WiFi is up
Fri Nov 17 09:01:01 UTC 2017
WiFi is up
Fri Nov 17 09:02:01 UTC 2017
WiFi is up
Fri Nov 17 09:03:01 UTC 2017
WiFi is up
Fri Nov 17 09:04:01 UTC 2017
WiFi is up
Fri Nov 17 09:05:01 UTC 2017
WiFi is up
Fri Nov 17 09:06:01 UTC 2017
WiFi is up
Fri Nov 17 09:07:01 UTC 2017
WiFi is up
Fri Nov 17 09:08:01 UTC 2017
WiFi is up
Fri Nov 17 09:09:01 UTC 2017
WiFi is up
Fri Nov 17 09:10:01 UTC 2017
WiFi is up
Fri Nov 17 09:11:02 UTC 2017
WiFi is up
Fri Nov 17 09:12:01 UTC 2017
WiFi is up
Fri Nov 17 09:13:01 UTC 2017
WiFi is up
Fri Nov 17 09:14:01 UTC 2017
WiFi is up
Fri Nov 17 09:15:01 UTC 2017
WiFi is up
Fri Nov 17 09:16:01 UTC 2017
WiFi is up
Fri Nov 17 09:17:01 UTC 2017
WiFi is up
Fri Nov 17 09:18:01 UTC 2017
WiFi is up
Fri Nov 17 09:19:01 UTC 2017
WiFi is up
Fri Nov 17 09:20:01 UTC 2017
WiFi is up
Fri Nov 17 09:21:01 UTC 2017
WiFi is up
Fri Nov 17 09:22:01 UTC 2017
WiFi is up
Fri Nov 17 09:23:01 UTC 2017
WiFi is up
Fri Nov 17 09:24:01 UTC 2017
WiFi is up
Fri Nov 17 09:25:01 UTC 2017
WiFi is up
Fri Nov 17 09:26:01 UTC 2017
WiFi is up
Fri Nov 17 09:27:01 UTC 2017
WiFi is up
Fri Nov 17 09:28:01 UTC 2017
WiFi is up
Fri Nov 17 10:54:07 UTC 2017
WiFi is up
Fri Nov 17 10:55:01 UTC 2017
WiFi is up
Fri Nov 17 10:56:01 UTC 2017
WiFi is up
Fri Nov 17 10:57:01 UTC 2017
WiFi is up
Fri Nov 17 10:58:01 UTC 2017
WiFi is up
Fri Nov 17 10:59:01 UTC 2017
WiFi is up
Fri Nov 17 11:00:01 UTC 2017
WiFi is up
Fri Nov 17 11:01:01 UTC 2017
WiFi is up
Fri Nov 17 11:02:01 UTC 2017
WiFi is up
Fri Nov 17 11:03:01 UTC 2017
WiFi is up
Fri Nov 17 11:04:01 UTC 2017
WiFi is up
Fri Nov 17 11:05:01 UTC 2017
WiFi is up
Fri Nov 17 11:06:01 UTC 2017
WiFi is up
Fri Nov 17 11:07:01 UTC 2017
WiFi is up
Fri Nov 17 11:08:01 UTC 2017
WiFi is up
Fri Nov 17 11:09:01 UTC 2017
WiFi is up
Fri Nov 17 11:10:01 UTC 2017
WiFi is up
Fri Nov 17 11:11:01 UTC 2017
WiFi is up
Fri Nov 17 11:12:01 UTC 2017
WiFi is up
Fri Nov 17 11:13:01 UTC 2017
WiFi is up
Fri Nov 17 11:14:01 UTC 2017
WiFi is up
Fri Nov 17 11:15:01 UTC 2017
WiFi is up
Fri Nov 17 11:16:01 UTC 2017
WiFi is up
Fri Nov 17 11:17:01 UTC 2017
WiFi is up
Fri Nov 17 11:18:01 UTC 2017
WiFi is up
Fri Nov 17 11:19:01 UTC 2017
WiFi is up
Fri Nov 17 11:20:01 UTC 2017
WiFi is up
Fri Nov 17 11:21:01 UTC 2017
WiFi is up
Fri Nov 17 11:22:01 UTC 2017
WiFi is up
Fri Nov 17 11:23:01 UTC 2017
WiFi is up
Fri Nov 17 11:24:01 UTC 2017
WiFi is up
Fri Nov 17 11:25:01 UTC 2017
WiFi is up
Fri Nov 17 11:26:01 UTC 2017
WiFi is up
Fri Nov 17 11:27:01 UTC 2017
WiFi is up
Fri Nov 17 11:28:01 UTC 2017
WiFi is up
Fri Nov 17 11:29:01 UTC 2017
WiFi is up
Fri Nov 17 11:30:01 UTC 2017
WiFi is up
Fri Nov 17 11:31:01 UTC 2017
WiFi is up
Fri Nov 17 11:32:01 UTC 2017
WiFi is up
Fri Nov 17 11:33:01 UTC 2017
WiFi is up
Fri Nov 17 11:34:01 UTC 2017
WiFi is up
Fri Nov 17 11:35:01 UTC 2017
WiFi is up
Fri Nov 17 11:36:01 UTC 2017
WiFi is up
Fri Nov 17 11:37:01 UTC 2017
WiFi is up
Fri Nov 17 11:38:01 UTC 2017
WiFi is up
Fri Nov 17 11:39:01 UTC 2017
WiFi is up
Fri Nov 17 11:40:01 UTC 2017
WiFi is up
Fri Nov 17 11:41:01 UTC 2017
WiFi is up
Fri Nov 17 11:42:01 UTC 2017
WiFi is up
Fri Nov 17 11:43:01 UTC 2017
WiFi is up
Fri Nov 17 11:44:01 UTC 2017
WiFi is up
Fri Nov 17 11:45:01 UTC 2017
WiFi is up
Fri Nov 17 11:46:01 UTC 2017
WiFi is up
Fri Nov 17 11:47:01 UTC 2017
WiFi is up
Fri Nov 17 11:48:01 UTC 2017
WiFi is up
Fri Nov 17 11:49:01 UTC 2017
WiFi is up
Fri Nov 17 11:50:01 UTC 2017
WiFi is up
Fri Nov 17 11:51:01 UTC 2017
WiFi is up
Fri Nov 17 11:52:01 UTC 2017
WiFi is up
Fri Nov 17 11:53:01 UTC 2017
WiFi is up
Fri Nov 17 11:54:01 UTC 2017
WiFi is up
Fri Nov 17 11:55:01 UTC 2017
WiFi is up
Fri Nov 17 11:56:01 UTC 2017
WiFi is up
Fri Nov 17 11:57:01 UTC 2017
WiFi is up
Fri Nov 17 11:58:01 UTC 2017
WiFi is up
Fri Nov 17 11:59:01 UTC 2017
WiFi is up
Fri Nov 17 12:00:01 UTC 2017
WiFi is up
Fri Nov 17 12:01:01 UTC 2017
WiFi is up
Fri Nov 17 12:02:01 UTC 2017
WiFi is up
Fri Nov 17 12:03:01 UTC 2017
WiFi is up
Fri Nov 17 12:04:01 UTC 2017
WiFi is up
Fri Nov 17 12:05:01 UTC 2017
WiFi is up
Fri Nov 17 12:06:01 UTC 2017
WiFi is up
Fri Nov 17 12:07:01 UTC 2017
WiFi is up
Fri Nov 17 12:08:01 UTC 2017
WiFi is up
Fri Nov 17 12:09:01 UTC 2017
WiFi is up
Fri Nov 17 12:10:01 UTC 2017
WiFi is up
Fri Nov 17 12:11:01 UTC 2017
WiFi is up
Fri Nov 17 12:12:01 UTC 2017
WiFi is up
Fri Nov 17 12:13:01 UTC 2017
WiFi is up
Fri Nov 17 12:14:01 UTC 2017
WiFi is up
Fri Nov 17 12:15:01 UTC 2017
WiFi is up
Fri Nov 17 12:16:01 UTC 2017
WiFi is up
Fri Nov 17 12:17:01 UTC 2017
WiFi is up
Fri Nov 17 12:18:01 UTC 2017
WiFi is up
Fri Nov 17 12:19:01 UTC 2017
WiFi is up
Fri Nov 17 12:20:01 UTC 2017
WiFi is up
Fri Nov 17 12:21:01 UTC 2017
WiFi is up
Fri Nov 17 12:22:01 UTC 2017
WiFi is up
Fri Nov 17 12:23:01 UTC 2017
WiFi is up
Fri Nov 17 12:24:01 UTC 2017
WiFi is up
Fri Nov 17 12:25:01 UTC 2017
WiFi is up
Fri Nov 17 12:26:01 UTC 2017
WiFi is up
Fri Nov 17 12:27:01 UTC 2017
WiFi is up
Fri Nov 17 12:28:01 UTC 2017
WiFi is up
Fri Nov 17 12:29:01 UTC 2017
WiFi is up
Fri Nov 17 12:30:01 UTC 2017
WiFi is up
Fri Nov 17 12:31:01 UTC 2017
WiFi is up
Fri Nov 17 12:32:01 UTC 2017
WiFi is up
Fri Nov 17 12:33:01 UTC 2017
WiFi is up
Fri Nov 17 12:34:01 UTC 2017
WiFi is up
Fri Nov 17 12:35:01 UTC 2017
WiFi is up
Fri Nov 17 12:36:01 UTC 2017
WiFi is up
Fri Nov 17 12:37:01 UTC 2017
WiFi is up
Fri Nov 17 12:38:01 UTC 2017
WiFi is up
Fri Nov 17 12:39:01 UTC 2017
WiFi is up
Fri Nov 17 12:40:01 UTC 2017
WiFi is up
Fri Nov 17 12:41:01 UTC 2017
WiFi is up
Fri Nov 17 12:42:01 UTC 2017
WiFi is up
Fri Nov 17 12:43:01 UTC 2017
WiFi is up
Fri Nov 17 12:44:01 UTC 2017
WiFi is up
Fri Nov 17 12:45:01 UTC 2017
WiFi is up
Fri Nov 17 12:46:01 UTC 2017
WiFi is up
Fri Nov 17 12:47:01 UTC 2017
WiFi is up
Fri Nov 17 12:48:01 UTC 2017
WiFi is up
Fri Nov 17 12:49:01 UTC 2017
WiFi is up
Fri Nov 17 12:50:01 UTC 2017
WiFi is up
Fri Nov 17 12:51:01 UTC 2017
WiFi is up
Fri Nov 17 12:52:01 UTC 2017
WiFi is up
Fri Nov 17 12:53:01 UTC 2017
WiFi is up
Fri Nov 17 12:54:01 UTC 2017
WiFi is up
Fri Nov 17 12:55:01 UTC 2017
WiFi is up
Fri Nov 17 12:56:01 UTC 2017
WiFi is up
Fri Nov 17 12:57:01 UTC 2017
WiFi is up
Fri Nov 17 12:58:01 UTC 2017
WiFi is up
Fri Nov 17 12:59:01 UTC 2017
WiFi is up
Fri Nov 17 13:00:01 UTC 2017
WiFi is up
Fri Nov 17 13:01:01 UTC 2017
WiFi is up
Fri Nov 17 13:02:01 UTC 2017
WiFi is up
Fri Nov 17 13:03:01 UTC 2017
WiFi is up
Fri Nov 17 13:04:01 UTC 2017
WiFi is up
Fri Nov 17 13:05:01 UTC 2017
WiFi is up
Fri Nov 17 13:06:01 UTC 2017
WiFi is up
Fri Nov 17 13:07:01 UTC 2017
WiFi is up
Fri Nov 17 13:08:01 UTC 2017
WiFi is up
Fri Nov 17 13:09:01 UTC 2017
WiFi is up
Fri Nov 17 13:10:01 UTC 2017
WiFi is up
Fri Nov 17 13:11:01 UTC 2017
WiFi is up
Fri Nov 17 13:12:01 UTC 2017
WiFi is up
Fri Nov 17 13:13:01 UTC 2017
WiFi is up
Fri Nov 17 13:14:01 UTC 2017
WiFi is up
Fri Nov 17 13:15:01 UTC 2017
WiFi is up
Fri Nov 17 13:16:01 UTC 2017
WiFi is up
Fri Nov 17 13:17:01 UTC 2017
WiFi is up
Fri Nov 17 13:18:01 UTC 2017
WiFi is up
Fri Nov 17 13:19:01 UTC 2017
WiFi is up
Fri Nov 17 13:20:01 UTC 2017
WiFi is up
Fri Nov 17 13:21:01 UTC 2017
WiFi is up
Fri Nov 17 13:22:01 UTC 2017
WiFi is up
Fri Nov 17 13:23:01 UTC 2017
WiFi is up
Fri Nov 17 13:24:01 UTC 2017
WiFi is up
Fri Nov 17 13:25:01 UTC 2017
WiFi is up
Fri Nov 17 13:26:01 UTC 2017
WiFi is up
Fri Nov 17 13:27:01 UTC 2017
WiFi is up
Fri Nov 17 13:28:01 UTC 2017
WiFi is up
Fri Nov 17 13:29:01 UTC 2017
WiFi is up
Fri Nov 17 13:30:01 UTC 2017
WiFi is up
Fri Nov 17 13:31:01 UTC 2017
WiFi is up
Fri Nov 17 13:32:01 UTC 2017
WiFi is up
Fri Nov 17 13:33:01 UTC 2017
WiFi is up
Fri Nov 17 13:34:01 UTC 2017
WiFi is up
Fri Nov 17 13:35:01 UTC 2017
WiFi is up
Fri Nov 17 13:36:01 UTC 2017
WiFi is up
Fri Nov 17 13:37:01 UTC 2017
WiFi is up
Fri Nov 17 13:38:01 UTC 2017
WiFi is up
Fri Nov 17 13:39:01 UTC 2017
WiFi is up
Fri Nov 17 13:40:01 UTC 2017
WiFi is up
Fri Nov 17 13:41:01 UTC 2017
WiFi is up
Fri Nov 17 13:42:01 UTC 2017
WiFi is up
Fri Nov 17 13:43:01 UTC 2017
WiFi is up
Fri Nov 17 13:44:01 UTC 2017
WiFi is up
Fri Nov 17 13:45:01 UTC 2017
WiFi is up
Fri Nov 17 13:46:01 UTC 2017
WiFi is up
Fri Nov 17 13:47:01 UTC 2017
WiFi is up
Fri Nov 17 13:48:01 UTC 2017
WiFi is up
Fri Nov 17 13:49:01 UTC 2017
WiFi is up
Fri Nov 17 13:50:01 UTC 2017
WiFi is up
Fri Nov 17 13:51:02 UTC 2017
WiFi is up
Fri Nov 17 13:52:03 UTC 2017
WiFi is up
Fri Nov 17 13:53:03 UTC 2017
Fri Nov 17 13:54:04 UTC 2017
WiFi is up
WiFi is up
Fri Nov 17 13:55:01 UTC 2017
WiFi is up
Fri Nov 17 13:56:01 UTC 2017
WiFi is up
Fri Nov 17 13:57:01 UTC 2017
WiFi is up
Fri Nov 17 13:58:01 UTC 2017
WiFi is up
Fri Nov 17 13:59:01 UTC 2017
WiFi is up
Fri Nov 17 14:00:01 UTC 2017
WiFi is up
Fri Nov 17 14:01:02 UTC 2017
WiFi is up
Fri Nov 17 14:02:01 UTC 2017
WiFi is up
Fri Nov 17 14:03:02 UTC 2017
WiFi is up
Fri Nov 17 14:04:01 UTC 2017
WiFi is up
Fri Nov 17 14:05:02 UTC 2017
WiFi is up
Fri Nov 17 14:06:02 UTC 2017
WiFi is up
Fri Nov 17 14:07:01 UTC 2017
WiFi is up
Fri Nov 17 14:08:01 UTC 2017
WiFi is up
Fri Nov 17 14:09:01 UTC 2017
WiFi is up
Fri Nov 17 14:10:01 UTC 2017
WiFi is up
Fri Nov 17 14:11:01 UTC 2017
WiFi is up
Fri Nov 17 14:12:01 UTC 2017
WiFi is up
Fri Nov 17 14:13:01 UTC 2017
WiFi is up
Fri Nov 17 14:14:01 UTC 2017
WiFi is up
Fri Nov 17 14:15:01 UTC 2017
WiFi is up
Fri Nov 17 14:16:01 UTC 2017
WiFi is up
Fri Nov 17 14:17:01 UTC 2017
WiFi is up
Fri Nov 17 14:18:01 UTC 2017
WiFi is up
Fri Nov 17 14:19:01 UTC 2017
WiFi is up
Fri Nov 17 14:20:01 UTC 2017
WiFi is up
Fri Nov 17 14:21:01 UTC 2017
WiFi is up
Fri Nov 17 14:22:01 UTC 2017
WiFi is up
Sat Nov 18 03:12:56 UTC 2017
WiFi is up
Sat Nov 18 03:13:01 UTC 2017
WiFi is up
Sat Nov 18 03:14:01 UTC 2017
WiFi is up
Sat Nov 18 03:15:01 UTC 2017
WiFi is up
Sat Nov 18 03:16:01 UTC 2017
WiFi is up
Sat Nov 18 03:17:01 UTC 2017
WiFi is up
Sat Nov 18 03:18:01 UTC 2017
WiFi is up
Sat Nov 18 03:19:03 UTC 2017
WiFi is up
Sat Nov 18 03:20:01 UTC 2017
WiFi is up
Sat Nov 18 03:21:01 UTC 2017
WiFi is up
Sat Nov 18 03:22:01 UTC 2017
WiFi is up
Sat Nov 18 03:23:02 UTC 2017
WiFi is up
Sat Nov 18 03:24:02 UTC 2017
WiFi is up
Sat Nov 18 03:25:02 UTC 2017
WiFi is up
Sat Nov 18 03:26:03 UTC 2017
WiFi is up
Sat Nov 18 03:27:02 UTC 2017
Sat Nov 18 03:28:01 UTC 2017
Sat Nov 18 03:29:04 UTC 2017
Sat Nov 18 03:30:03 UTC 2017
Sat Nov 18 03:31:18 UTC 2017
Sat Nov 18 03:32:11 UTC 2017
WiFi is up
WiFi is up
WiFi is down... bringing up hotspot
WiFi is up
WiFi is up
WiFi is up
Connection successfully activated (D-Bus active path: /org/freedesktop/NetworkManager/ActiveConnection/2)
Sat Nov 18 03:33:01 UTC 2017
WiFi is up
Sat Nov 18 03:34:01 UTC 2017
WiFi is up
Sat Nov 18 03:35:01 UTC 2017
WiFi is up
Sat Nov 18 03:36:01 UTC 2017
WiFi is up
Sat Nov 18 03:37:01 UTC 2017
WiFi is up
Sat Nov 18 03:38:01 UTC 2017
WiFi is up
Sat Nov 18 03:39:01 UTC 2017
WiFi is up
Sat Nov 18 03:40:01 UTC 2017
WiFi is up
Sat Nov 18 03:41:01 UTC 2017
WiFi is up
Sat Nov 18 03:42:01 UTC 2017
WiFi is up
Sat Nov 18 03:43:01 UTC 2017
WiFi is up
Sat Nov 18 03:44:01 UTC 2017
WiFi is up
Sat Nov 18 03:45:01 UTC 2017
WiFi is up
Sat Nov 18 03:46:01 UTC 2017
WiFi is up
Sat Nov 18 03:47:01 UTC 2017
WiFi is up
Sat Nov 18 03:48:01 UTC 2017
WiFi is up
Sat Nov 18 03:49:01 UTC 2017
WiFi is up
Sat Nov 18 03:50:01 UTC 2017
WiFi is up
Sat Nov 18 03:51:01 UTC 2017
WiFi is up
Sat Nov 18 03:52:01 UTC 2017
WiFi is up
Sat Nov 18 03:53:01 UTC 2017
WiFi is up
Sat Nov 18 03:54:01 UTC 2017
WiFi is up
Sat Nov 18 03:55:01 UTC 2017
WiFi is up
Sat Nov 18 03:56:01 UTC 2017
WiFi is up
Sat Nov 18 03:57:01 UTC 2017
WiFi is up
Sat Nov 18 03:57:57 UTC 2017
WiFi is up
